#
# There is insufficient memory for the Java Runtime Environment to continue.
# Native memory allocation (mmap) failed to map 134217728 bytes for G1 virtual space
# Possible reasons:
#   The system is out of physical RAM or swap space
#   The process is running with CompressedOops enabled, and the Java Heap may be blocking the growth of the native heap
# Possible solutions:
#   Reduce memory load on the system
#   Increase physical memory or swap space
#   Check if swap backing store is full
#   Decrease Java heap size (-Xmx/-Xms)
#   Decrease number of Java threads
#   Decrease Java thread stack sizes (-Xss)
#   Set larger code cache with -XX:ReservedCodeCacheSize=
#   JVM is running with Unscaled Compressed Oops mode in which the Java heap is
#     placed in the first 4GB address space. The Java Heap base address is the
#     maximum limit for the native heap growth. Please use -XX:HeapBaseMinAddress
#     to set the Java Heap base and to place the Java Heap above 4GB virtual address.
# This output file may be truncated or incomplete.
#
#  Out of Memory Error (os_windows.cpp:3760), pid=3372, tid=36832
#
# JRE version:  (17.0.5+1) (build )
# Java VM: OpenJDK 64-Bit Server VM (17.0.5+1-b653.14, mixed mode, sharing, tiered, compressed oops, compressed class ptrs, g1 gc, windows-amd64)
# No core dump will be written. Minidumps are not enabled by default on client versions of Windows
#

---------------  S U M M A R Y ------------

Command Line: -Dawt.toolkit=com.intellij.desktop.DesktopActionsToolkit -Djava.rmi.server.hostname=127.0.0.1 -Duser.timezone=UTC -Xmx2048m -Xms128m --add-exports=java.desktop/sun.awt=ALL-UNNAMED --add-exports=java.desktop/java.awt.peer=ALL-UNNAMED --add-opens=java.desktop/java.awt=ALL-UNNAMED --add-opens=jdk.unsupported/sun.misc=ALL-UNNAMED --add-opens=java.base/java.nio=ALL-UNNAMED --add-opens=java.base/java.util=ALL-UNNAMED -Dfile.encoding=UTF-8 com.intellij.database.remote.RemoteJdbcServer com.mysql.jdbc.Driver

Host: AMD Ryzen 7 5800H with Radeon Graphics         , 16 cores, 15G,  Windows 10 , 64 bit Build 19041 (10.0.19041.2364)
Time: Thu Dec 29 14:54:03 2022  Windows 10 , 64 bit Build 19041 (10.0.19041.2364) elapsed time: 0.007651 seconds (0d 0h 0m 0s)

---------------  T H R E A D  ---------------

Current thread (0x0000026e462f08c0):  JavaThread "Unknown thread" [_thread_in_vm, id=36832, stack(0x0000009ba1e00000,0x0000009ba1f00000)]

Stack: [0x0000009ba1e00000,0x0000009ba1f00000]
Native frames: (J=compiled Java code, j=interpreted, Vv=VM code, C=native code)
V  [jvm.dll+0x6830ca]
V  [jvm.dll+0x83f4c4]
V  [jvm.dll+0x840c6e]
V  [jvm.dll+0x8412d3]
V  [jvm.dll+0x2490b5]
V  [jvm.dll+0x67ff99]
V  [jvm.dll+0x6744aa]
V  [jvm.dll+0x308f2b]
V  [jvm.dll+0x3103e6]
V  [jvm.dll+0x36013e]
V  [jvm.dll+0x36036f]
V  [jvm.dll+0x2df018]
V  [jvm.dll+0x2dff84]
V  [jvm.dll+0x810d91]
V  [jvm.dll+0x36df31]
V  [jvm.dll+0x7f028c]
V  [jvm.dll+0x3f0cbf]
V  [jvm.dll+0x3f2801]
C  [jli.dll+0x526b]
C  [ucrtbase.dll+0x21bb2]
C  [KERNEL32.DLL+0x17614]
C  [ntdll.dll+0x526a1]


---------------  P R O C E S S  ---------------

Threads class SMR info:
_java_thread_list=0x00007ffb5e358f98, length=0, elements={
}

Java Threads: ( => current thread )

Other Threads:
  0x0000026e4634bf30 GCTaskThread "GC Thread#0" [stack: 0x0000009ba1f00000,0x0000009ba2000000] [id=22460]
  0x0000026e4635cd80 ConcurrentGCThread "G1 Main Marker" [stack: 0x0000009ba2000000,0x0000009ba2100000] [id=36860]
  0x0000026e4635ee50 ConcurrentGCThread "G1 Conc#0" [stack: 0x0000009ba2100000,0x0000009ba2200000] [id=18344]

[error occurred during error reporting (printing all threads), id 0xc0000005, EXCEPTION_ACCESS_VIOLATION (0xc0000005) at pc=0x00007ffb5db0fbd7]

VM state: not at safepoint (not fully initialized)

VM Mutex/Monitor currently owned by a thread:  ([mutex/lock_event])
[0x0000026e462ee2a0] Heap_lock - owner thread: 0x0000026e462f08c0

Heap address: 0x0000000080000000, size: 2048 MB, Compressed Oops mode: 32-bit

CDS archive(s) mapped at: [0x0000000000000000-0x0000000000000000-0x0000000000000000), size 0, SharedBaseAddress: 0x0000000800000000, ArchiveRelocationMode: 0.
Narrow klass base: 0x0000000000000000, Narrow klass shift: 0, Narrow klass range: 0x0

GC Precious Log:
<Empty>

Heap:
 garbage-first heap   total 0K, used 0K [0x0000000080000000, 0x0000000100000000)
  region size 1024K, 0 young (0K), 0 survivors (0K)

[error occurred during error reporting (printing heap information), id 0xc0000005, EXCEPTION_ACCESS_VIOLATION (0xc0000005) at pc=0x00007ffb5defcd59]

GC Heap History (0 events):
No events

Dll operation events (1 events):
Event: 0.003 Loaded shared library D:\tools\JetBrains\IntelliJ IDEA 2022.3\jbr\bin\java.dll

Deoptimization events (0 events):
No events

Classes unloaded (0 events):
No events

Classes redefined (0 events):
No events

Internal exceptions (0 events):
No events

VM Operations (0 events):
No events

Events (0 events):
No events


Dynamic libraries:
0x00007ff6daf50000 - 0x00007ff6daf5a000 	D:\tools\JetBrains\IntelliJ IDEA 2022.3\jbr\bin\java.exe
0x00007ffbbeef0000 - 0x00007ffbbf0e8000 	C:\Windows\SYSTEM32\ntdll.dll
0x00007ffbbda90000 - 0x00007ffbbdb4f000 	C:\Windows\System32\KERNEL32.DLL
0x00007ffbbc8a0000 - 0x00007ffbbcb72000 	C:\Windows\System32\KERNELBASE.dll
0x00007ffbbcc20000 - 0x00007ffbbcd20000 	C:\Windows\System32\ucrtbase.dll
0x00007ffbadb50000 - 0x00007ffbadb67000 	D:\tools\JetBrains\IntelliJ IDEA 2022.3\jbr\bin\jli.dll
0x00007ffbb39c0000 - 0x00007ffbb39db000 	D:\tools\JetBrains\IntelliJ IDEA 2022.3\jbr\bin\VCRUNTIME140.dll
0x00007ffbbe660000 - 0x00007ffbbe801000 	C:\Windows\System32\USER32.dll
0x00007ffbbcb80000 - 0x00007ffbbcba2000 	C:\Windows\System32\win32u.dll
0x00007ffbaaaf0000 - 0x00007ffbaad8a000 	C:\Windows\WinSxS\amd64_microsoft.windows.common-controls_6595b64144ccf1df_6.0.19041.1110_none_60b5254171f9507e\COMCTL32.dll
0x00007ffbbdc80000 - 0x00007ffbbdcab000 	C:\Windows\System32\GDI32.dll
0x00007ffbbee10000 - 0x00007ffbbeeae000 	C:\Windows\System32\msvcrt.dll
0x00007ffbbc5e0000 - 0x00007ffbbc6ef000 	C:\Windows\System32\gdi32full.dll
0x00007ffbbc6f0000 - 0x00007ffbbc78d000 	C:\Windows\System32\msvcp_win.dll
0x00007ffbbcf30000 - 0x00007ffbbcf62000 	C:\Windows\System32\IMM32.DLL
0x00007ffbb7b60000 - 0x00007ffbb7b6c000 	D:\tools\JetBrains\IntelliJ IDEA 2022.3\jbr\bin\vcruntime140_1.dll
0x00007ffba5020000 - 0x00007ffba50ad000 	D:\tools\JetBrains\IntelliJ IDEA 2022.3\jbr\bin\msvcp140.dll
0x00007ffb5d820000 - 0x00007ffb5e48b000 	D:\tools\JetBrains\IntelliJ IDEA 2022.3\jbr\bin\server\jvm.dll
0x00007ffbbdbd0000 - 0x00007ffbbdc7e000 	C:\Windows\System32\ADVAPI32.dll
0x00007ffbbd210000 - 0x00007ffbbd2ac000 	C:\Windows\System32\sechost.dll
0x00007ffbbd880000 - 0x00007ffbbd9a5000 	C:\Windows\System32\RPCRT4.dll
0x00007ffba3c20000 - 0x00007ffba3c29000 	C:\Windows\SYSTEM32\WSOCK32.dll
0x00007ffbba340000 - 0x00007ffbba367000 	C:\Windows\SYSTEM32\WINMM.dll
0x00007ffbbdb50000 - 0x00007ffbbdbbb000 	C:\Windows\System32\WS2_32.dll
0x00007ffbb20f0000 - 0x00007ffbb20fa000 	C:\Windows\SYSTEM32\VERSION.dll
0x00007ffbbae30000 - 0x00007ffbbae42000 	C:\Windows\SYSTEM32\kernel.appcore.dll
0x00007ffbb70b0000 - 0x00007ffbb70ba000 	D:\tools\JetBrains\IntelliJ IDEA 2022.3\jbr\bin\jimage.dll
0x00007ffbba150000 - 0x00007ffbba334000 	C:\Windows\SYSTEM32\DBGHELP.DLL
0x00007ffbba110000 - 0x00007ffbba145000 	C:\Windows\SYSTEM32\dbgcore.DLL
0x00007ffbbc790000 - 0x00007ffbbc812000 	C:\Windows\System32\bcryptPrimitives.dll
0x00007ffbb3900000 - 0x00007ffbb3925000 	D:\tools\JetBrains\IntelliJ IDEA 2022.3\jbr\bin\java.dll

dbghelp: loaded successfully - version: 4.0.5 - missing functions: none
symbol engine: initialized successfully - sym options: 0x614 - pdb path: .;D:\tools\JetBrains\IntelliJ IDEA 2022.3\jbr\bin;C:\Windows\SYSTEM32;C:\Windows\WinSxS\amd64_microsoft.windows.common-controls_6595b64144ccf1df_6.0.19041.1110_none_60b5254171f9507e;D:\tools\JetBrains\IntelliJ IDEA 2022.3\jbr\bin\server

VM Arguments:
jvm_args: -Dawt.toolkit=com.intellij.desktop.DesktopActionsToolkit -Djava.rmi.server.hostname=127.0.0.1 -Duser.timezone=UTC -Xmx2048m -Xms128m --add-exports=java.desktop/sun.awt=ALL-UNNAMED --add-exports=java.desktop/java.awt.peer=ALL-UNNAMED --add-opens=java.desktop/java.awt=ALL-UNNAMED --add-opens=jdk.unsupported/sun.misc=ALL-UNNAMED --add-opens=java.base/java.nio=ALL-UNNAMED --add-opens=java.base/java.util=ALL-UNNAMED -Dfile.encoding=UTF-8 
java_command: com.intellij.database.remote.RemoteJdbcServer com.mysql.jdbc.Driver
java_class_path (initial): D:\tools\JetBrains\IntelliJ IDEA 2022.3\lib\util_rt.jar;D:\tools\JetBrains\IntelliJ IDEA 2022.3\lib\3rd-party-rt.jar;D:\tools\JetBrains\IntelliJ IDEA 2022.3\lib\groovy.jar;D:\tools\JetBrains\IntelliJ IDEA 2022.3\plugins\DatabaseTools\lib\jdbc-console.jar;D:\tools\JetBrains\IntelliJ IDEA 2022.3\plugins\grid-core-impl\lib\jdbc-console-types.jar;D:\tools\JetBrains\IntelliJ IDEA 2022.3\lib\mysql-connector-java-5.1.8.jar
Launcher Type: SUN_STANDARD

[Global flags]
     intx CICompilerCount                          = 12                                        {product} {ergonomic}
     uint ConcGCThreads                            = 3                                         {product} {ergonomic}
     uint G1ConcRefinementThreads                  = 13                                        {product} {ergonomic}
   size_t G1HeapRegionSize                         = 1048576                                   {product} {ergonomic}
    uintx GCDrainStackTargetSize                   = 64                                        {product} {ergonomic}
   size_t InitialHeapSize                          = 134217728                                 {product} {command line}
   size_t MarkStackSize                            = 4194304                                   {product} {ergonomic}
   size_t MaxHeapSize                              = 2147483648                                {product} {command line}
   size_t MinHeapDeltaBytes                        = 1048576                                   {product} {ergonomic}
   size_t MinHeapSize                              = 134217728                                 {product} {command line}
    uintx NonNMethodCodeHeapSize                   = 7602480                                {pd product} {ergonomic}
    uintx NonProfiledCodeHeapSize                  = 122027880                              {pd product} {ergonomic}
    uintx ProfiledCodeHeapSize                     = 122027880                              {pd product} {ergonomic}
    uintx ReservedCodeCacheSize                    = 251658240                              {pd product} {ergonomic}
     bool SegmentedCodeCache                       = true                                      {product} {ergonomic}
   size_t SoftMaxHeapSize                          = 2147483648                             {manageable} {ergonomic}
     bool UseCompressedClassPointers               = true                           {product lp64_product} {ergonomic}
     bool UseCompressedOops                        = true                           {product lp64_product} {ergonomic}
     bool UseG1GC                                  = true                                      {product} {ergonomic}
     bool UseLargePagesIndividualAllocation        = false                                  {pd product} {ergonomic}

Logging:
Log output configuration:
 #0: stdout all=warning uptime,level,tags
 #1: stderr all=off uptime,level,tags

Environment Variables:
JAVA_HOME=D:\dev\Java\jdk1.8.0_341
PATH=C:\Program Files\Common Files\Oracle\Java\javapath;D:\dev\Oracle\Oracleinstall\bin;D:\dev\Oracle\install\bin;D:\edge\bin;D:\tools\VMware\bin\;C:\Program Files (x86)\Common Files\Oracle\Java\javapath;C:\Windows\system32;C:\Windows;C:\Windows\System32\Wbem;C:\Windows\System32\WindowsPowerShell\v1.0\;C:\Windows\System32\OpenSSH\;D:\dev\Java\jdk1.8.0_341\bin;D:\dev\maven\apache-maven\bin;D:\tools\Git\cmd;D:\dev\nodejs\node_global\node_modules;D:\dev\erl9.2\bin;D:\tools\SVN\bin;D:\dev\Microsoft SQL Server\Client SDK\ODBC\130\Tools\Binn\;D:\dev\SQL Server\130\Tools\Binn\;D:\dev\Microsoft SQL Server\130\Tools\Binn\;D:\dev\Microsoft SQL Server\130\DTS\Binn\;D:\dev\SQL Server\Client SDK\ODBC\130\Tools\Binn\;D:\dev\SQL Server\140\Tools\Binn\;D:\dev\SQL Server\140\DTS\Binn\;D:\dev\SQL Server\140\Tools\Binn\ManagementStudio\;D:\dev\Java\jdk1.8.0_341\jre\bin;D:\dev\tomcat\apache-tomcat-9.0.65\bin;D:\dev\Tesseract-OCR\tessdata;D:\dev\Tesseract-OCR;D:\dev\nodejs\;C:\Users\cydm\AppData\Local\Microsoft\WindowsApps;D:\tools\Microsoft VS Code\bin;node_global;D:\tools\Fiddler;C:\Users\cydm\AppData\Local\Pandoc\;C:\Users\cydm\AppData\Local\JetBrains\Toolbox\scripts;D:\apps\OneCommander;D:\dev\nodejs\node_global;
USERNAME=cydm
OS=Windows_NT
PROCESSOR_IDENTIFIER=AMD64 Family 25 Model 80 Stepping 0, AuthenticAMD
TMP=C:\Users\cydm\AppData\Local\Temp
TEMP=C:\Users\cydm\AppData\Local\Temp



---------------  S Y S T E M  ---------------

OS:
 Windows 10 , 64 bit Build 19041 (10.0.19041.2364)
OS uptime: 10 days 20:57 hours

CPU: total 16 (initial active 16) (16 cores per cpu, 2 threads per core) family 25 model 80 stepping 0 microcode 0x0, cx8, cmov, fxsr, ht, mmx, 3dnowpref, sse, sse2, sse3, ssse3, sse4a, sse4.1, sse4.2, popcnt, lzcnt, tsc, tscinvbit, avx, avx2, aes, erms, clmul, bmi1, bmi2, adx, sha, fma, vzeroupper, clflush, clflushopt

Memory: 4k page, system-wide physical 15724M (3014M free)
TotalPageFile size 34474M (AvailPageFile size 88M)
current process WorkingSet (physical memory assigned to process): 10M, peak: 10M
current process commit charge ("private bytes"): 70M, peak: 198M

vm_info: OpenJDK 64-Bit Server VM (17.0.5+1-b653.14) for windows-amd64 JRE (17.0.5+1-b653.14), built on 2022-11-10 by "builduser" with MS VC++ 16.10 / 16.11 (VS2019)

END.
