2022-12-21 10:30:44.416 [main] INFO  com.chenyudaima.WebApplication:55 - Starting WebApplication using Java 1.8.0_341 on LAPTOP-OA8QKTD4 with PID 28836 (D:\repository\background-system\background-system-server\web\target\classes started by cydm in D:\repository\background-system\background-system-server)
2022-12-21 10:30:44.418 [main] INFO  com.chenyudaima.WebApplication:631 - No active profile set, falling back to 1 default profile: "default"
2022-12-21 10:30:44.831 [main] WARN  org.mybatis.spring.mapper.ClassPathMapperScanner:44 - No MyBatis mapper was found in '[com.chenyudaima]' package. Please check your configuration.
2022-12-21 10:30:45.169 [main] INFO  o.s.boot.web.embedded.tomcat.TomcatWebServer:108 - Tomcat initialized with port(s): 8081 (http)
2022-12-21 10:30:45.176 [main] INFO  org.apache.coyote.http11.Http11NioProtocol:173 - Initializing ProtocolHandler ["http-nio-8081"]
2022-12-21 10:30:45.176 [main] INFO  org.apache.catalina.core.StandardService:173 - Starting service [Tomcat]
2022-12-21 10:30:45.176 [main] INFO  org.apache.catalina.core.StandardEngine:173 - Starting Servlet engine: [Apache Tomcat/9.0.69]
2022-12-21 10:30:45.282 [main] INFO  o.a.c.core.ContainerBase.[Tomcat].[localhost].[/]:173 - Initializing Spring embedded WebApplicationContext
2022-12-21 10:30:45.283 [main] INFO  o.s.b.w.s.c.ServletWebServerApplicationContext:292 - Root WebApplicationContext: initialization completed in 836 ms
2022-12-21 10:30:45.725 [main] INFO  org.apache.coyote.http11.Http11NioProtocol:173 - Starting ProtocolHandler ["http-nio-8081"]
2022-12-21 10:30:45.737 [main] INFO  o.s.boot.web.embedded.tomcat.TomcatWebServer:220 - Tomcat started on port(s): 8081 (http) with context path ''
2022-12-21 10:30:45.745 [main] INFO  com.chenyudaima.WebApplication:61 - Started WebApplication in 1.634 seconds (JVM running for 2.234)
2022-12-21 10:30:48.914 [http-nio-8081-exec-1] INFO  o.a.c.core.ContainerBase.[Tomcat].[localhost].[/]:173 - Initializing Spring DispatcherServlet 'dispatcherServlet'
2022-12-21 10:30:48.915 [http-nio-8081-exec-1] INFO  org.springframework.web.servlet.DispatcherServlet:525 - Initializing Servlet 'dispatcherServlet'
2022-12-21 10:30:48.915 [http-nio-8081-exec-1] INFO  org.springframework.web.servlet.DispatcherServlet:547 - Completed initialization in 0 ms
2022-12-21 10:30:48.942 [http-nio-8081-exec-1] ERROR o.a.c.c.C.[.[localhost].[/].[dispatcherServlet]:175 - Servlet.service() for servlet [dispatcherServlet] in context with path [] threw exception [Request processing failed; nested exception is java.lang.RuntimeException: 抛出异常] with root cause
java.lang.RuntimeException: 抛出异常
	at com.chenyudaima.aop.SecurityAspect.before(SecurityAspect.java:31)
	at sun.reflect.NativeMethodAccessorImpl.invoke0(Native Method)
	at sun.reflect.NativeMethodAccessorImpl.invoke(NativeMethodAccessorImpl.java:62)
	at sun.reflect.DelegatingMethodAccessorImpl.invoke(DelegatingMethodAccessorImpl.java:43)
	at java.lang.reflect.Method.invoke(Method.java:498)
	at org.springframework.aop.aspectj.AbstractAspectJAdvice.invokeAdviceMethodWithGivenArgs(AbstractAspectJAdvice.java:634)
	at org.springframework.aop.aspectj.AbstractAspectJAdvice.invokeAdviceMethod(AbstractAspectJAdvice.java:617)
	at org.springframework.aop.aspectj.AspectJMethodBeforeAdvice.before(AspectJMethodBeforeAdvice.java:44)
	at org.springframework.aop.framework.adapter.MethodBeforeAdviceInterceptor.invoke(MethodBeforeAdviceInterceptor.java:57)
	at org.springframework.aop.framework.ReflectiveMethodInvocation.proceed(ReflectiveMethodInvocation.java:186)
	at org.springframework.aop.framework.CglibAopProxy$CglibMethodInvocation.proceed(CglibAopProxy.java:763)
	at org.springframework.aop.interceptor.ExposeInvocationInterceptor.invoke(ExposeInvocationInterceptor.java:97)
	at org.springframework.aop.framework.ReflectiveMethodInvocation.proceed(ReflectiveMethodInvocation.java:186)
	at org.springframework.aop.framework.CglibAopProxy$CglibMethodInvocation.proceed(CglibAopProxy.java:763)
	at org.springframework.aop.framework.CglibAopProxy$DynamicAdvisedInterceptor.intercept(CglibAopProxy.java:708)
	at com.chenyudaima.web.controller.LoginController$$EnhancerBySpringCGLIB$$1e344d3e.login(<generated>)
	at sun.reflect.NativeMethodAccessorImpl.invoke0(Native Method)
	at sun.reflect.NativeMethodAccessorImpl.invoke(NativeMethodAccessorImpl.java:62)
	at sun.reflect.DelegatingMethodAccessorImpl.invoke(DelegatingMethodAccessorImpl.java:43)
	at java.lang.reflect.Method.invoke(Method.java:498)
	at org.springframework.web.method.support.InvocableHandlerMethod.doInvoke(InvocableHandlerMethod.java:205)
	at org.springframework.web.method.support.InvocableHandlerMethod.invokeForRequest(InvocableHandlerMethod.java:150)
	at org.springframework.web.servlet.mvc.method.annotation.ServletInvocableHandlerMethod.invokeAndHandle(ServletInvocableHandlerMethod.java:117)
	at org.springframework.web.servlet.mvc.method.annotation.RequestMappingHandlerAdapter.invokeHandlerMethod(RequestMappingHandlerAdapter.java:895)
	at org.springframework.web.servlet.mvc.method.annotation.RequestMappingHandlerAdapter.handleInternal(RequestMappingHandlerAdapter.java:808)
	at org.springframework.web.servlet.mvc.method.AbstractHandlerMethodAdapter.handle(AbstractHandlerMethodAdapter.java:87)
	at org.springframework.web.servlet.DispatcherServlet.doDispatch(DispatcherServlet.java:1071)
	at org.springframework.web.servlet.DispatcherServlet.doService(DispatcherServlet.java:964)
	at org.springframework.web.servlet.FrameworkServlet.processRequest(FrameworkServlet.java:1006)
	at org.springframework.web.servlet.FrameworkServlet.doGet(FrameworkServlet.java:898)
	at javax.servlet.http.HttpServlet.service(HttpServlet.java:670)
	at org.springframework.web.servlet.FrameworkServlet.service(FrameworkServlet.java:883)
	at javax.servlet.http.HttpServlet.service(HttpServlet.java:779)
	at org.apache.catalina.core.ApplicationFilterChain.internalDoFilter(ApplicationFilterChain.java:227)
	at org.apache.catalina.core.ApplicationFilterChain.doFilter(ApplicationFilterChain.java:162)
	at org.apache.tomcat.websocket.server.WsFilter.doFilter(WsFilter.java:53)
	at org.apache.catalina.core.ApplicationFilterChain.internalDoFilter(ApplicationFilterChain.java:189)
	at org.apache.catalina.core.ApplicationFilterChain.doFilter(ApplicationFilterChain.java:162)
	at org.springframework.web.filter.RequestContextFilter.doFilterInternal(RequestContextFilter.java:100)
	at org.springframework.web.filter.OncePerRequestFilter.doFilter(OncePerRequestFilter.java:117)
	at org.apache.catalina.core.ApplicationFilterChain.internalDoFilter(ApplicationFilterChain.java:189)
	at org.apache.catalina.core.ApplicationFilterChain.doFilter(ApplicationFilterChain.java:162)
	at org.springframework.web.filter.FormContentFilter.doFilterInternal(FormContentFilter.java:93)
	at org.springframework.web.filter.OncePerRequestFilter.doFilter(OncePerRequestFilter.java:117)
	at org.apache.catalina.core.ApplicationFilterChain.internalDoFilter(ApplicationFilterChain.java:189)
	at org.apache.catalina.core.ApplicationFilterChain.doFilter(ApplicationFilterChain.java:162)
	at org.springframework.web.filter.CharacterEncodingFilter.doFilterInternal(CharacterEncodingFilter.java:201)
	at org.springframework.web.filter.OncePerRequestFilter.doFilter(OncePerRequestFilter.java:117)
	at org.apache.catalina.core.ApplicationFilterChain.internalDoFilter(ApplicationFilterChain.java:189)
	at org.apache.catalina.core.ApplicationFilterChain.doFilter(ApplicationFilterChain.java:162)
	at org.apache.catalina.core.StandardWrapperValve.invoke(StandardWrapperValve.java:177)
	at org.apache.catalina.core.StandardContextValve.invoke(StandardContextValve.java:97)
	at org.apache.catalina.authenticator.AuthenticatorBase.invoke(AuthenticatorBase.java:541)
	at org.apache.catalina.core.StandardHostValve.invoke(StandardHostValve.java:135)
	at org.apache.catalina.valves.ErrorReportValve.invoke(ErrorReportValve.java:92)
	at org.apache.catalina.core.StandardEngineValve.invoke(StandardEngineValve.java:78)
	at org.apache.catalina.connector.CoyoteAdapter.service(CoyoteAdapter.java:360)
	at org.apache.coyote.http11.Http11Processor.service(Http11Processor.java:399)
	at org.apache.coyote.AbstractProcessorLight.process(AbstractProcessorLight.java:65)
	at org.apache.coyote.AbstractProtocol$ConnectionHandler.process(AbstractProtocol.java:891)
	at org.apache.tomcat.util.net.NioEndpoint$SocketProcessor.doRun(NioEndpoint.java:1784)
	at org.apache.tomcat.util.net.SocketProcessorBase.run(SocketProcessorBase.java:49)
	at org.apache.tomcat.util.threads.ThreadPoolExecutor.runWorker(ThreadPoolExecutor.java:1191)
	at org.apache.tomcat.util.threads.ThreadPoolExecutor$Worker.run(ThreadPoolExecutor.java:659)
	at org.apache.tomcat.util.threads.TaskThread$WrappingRunnable.run(TaskThread.java:61)
	at java.lang.Thread.run(Thread.java:750)
2022-12-21 10:31:09.798 [main] INFO  com.chenyudaima.WebApplication:55 - Starting WebApplication using Java 1.8.0_341 on LAPTOP-OA8QKTD4 with PID 33152 (D:\repository\background-system\background-system-server\web\target\classes started by cydm in D:\repository\background-system\background-system-server)
2022-12-21 10:31:09.801 [main] INFO  com.chenyudaima.WebApplication:631 - No active profile set, falling back to 1 default profile: "default"
2022-12-21 10:31:10.209 [main] WARN  org.mybatis.spring.mapper.ClassPathMapperScanner:44 - No MyBatis mapper was found in '[com.chenyudaima]' package. Please check your configuration.
2022-12-21 10:31:10.553 [main] INFO  o.s.boot.web.embedded.tomcat.TomcatWebServer:108 - Tomcat initialized with port(s): 8081 (http)
2022-12-21 10:31:10.559 [main] INFO  org.apache.coyote.http11.Http11NioProtocol:173 - Initializing ProtocolHandler ["http-nio-8081"]
2022-12-21 10:31:10.560 [main] INFO  org.apache.catalina.core.StandardService:173 - Starting service [Tomcat]
2022-12-21 10:31:10.560 [main] INFO  org.apache.catalina.core.StandardEngine:173 - Starting Servlet engine: [Apache Tomcat/9.0.69]
2022-12-21 10:31:10.675 [main] INFO  o.a.c.core.ContainerBase.[Tomcat].[localhost].[/]:173 - Initializing Spring embedded WebApplicationContext
2022-12-21 10:31:10.676 [main] INFO  o.s.b.w.s.c.ServletWebServerApplicationContext:292 - Root WebApplicationContext: initialization completed in 848 ms
2022-12-21 10:31:11.091 [main] INFO  org.apache.coyote.http11.Http11NioProtocol:173 - Starting ProtocolHandler ["http-nio-8081"]
2022-12-21 10:31:11.102 [main] INFO  o.s.boot.web.embedded.tomcat.TomcatWebServer:220 - Tomcat started on port(s): 8081 (http) with context path ''
2022-12-21 10:31:11.110 [main] INFO  com.chenyudaima.WebApplication:61 - Started WebApplication in 1.604 seconds (JVM running for 2.175)
2022-12-21 10:31:17.078 [http-nio-8081-exec-1] INFO  o.a.c.core.ContainerBase.[Tomcat].[localhost].[/]:173 - Initializing Spring DispatcherServlet 'dispatcherServlet'
2022-12-21 10:31:17.079 [http-nio-8081-exec-1] INFO  org.springframework.web.servlet.DispatcherServlet:525 - Initializing Servlet 'dispatcherServlet'
2022-12-21 10:31:17.079 [http-nio-8081-exec-1] INFO  org.springframework.web.servlet.DispatcherServlet:547 - Completed initialization in 0 ms
2022-12-21 10:32:08.184 [main] INFO  com.chenyudaima.WebApplication:55 - Starting WebApplication using Java 1.8.0_341 on LAPTOP-OA8QKTD4 with PID 35112 (D:\repository\background-system\background-system-server\web\target\classes started by cydm in D:\repository\background-system\background-system-server)
2022-12-21 10:32:08.187 [main] INFO  com.chenyudaima.WebApplication:631 - No active profile set, falling back to 1 default profile: "default"
2022-12-21 10:32:08.594 [main] WARN  org.mybatis.spring.mapper.ClassPathMapperScanner:44 - No MyBatis mapper was found in '[com.chenyudaima]' package. Please check your configuration.
2022-12-21 10:32:08.929 [main] INFO  o.s.boot.web.embedded.tomcat.TomcatWebServer:108 - Tomcat initialized with port(s): 8081 (http)
2022-12-21 10:32:08.935 [main] INFO  org.apache.coyote.http11.Http11NioProtocol:173 - Initializing ProtocolHandler ["http-nio-8081"]
2022-12-21 10:32:08.935 [main] INFO  org.apache.catalina.core.StandardService:173 - Starting service [Tomcat]
2022-12-21 10:32:08.935 [main] INFO  org.apache.catalina.core.StandardEngine:173 - Starting Servlet engine: [Apache Tomcat/9.0.69]
2022-12-21 10:32:09.039 [main] INFO  o.a.c.core.ContainerBase.[Tomcat].[localhost].[/]:173 - Initializing Spring embedded WebApplicationContext
2022-12-21 10:32:09.040 [main] INFO  o.s.b.w.s.c.ServletWebServerApplicationContext:292 - Root WebApplicationContext: initialization completed in 826 ms
2022-12-21 10:32:09.476 [main] INFO  org.apache.coyote.http11.Http11NioProtocol:173 - Starting ProtocolHandler ["http-nio-8081"]
2022-12-21 10:32:09.488 [main] INFO  o.s.boot.web.embedded.tomcat.TomcatWebServer:220 - Tomcat started on port(s): 8081 (http) with context path ''
2022-12-21 10:32:09.495 [main] INFO  com.chenyudaima.WebApplication:61 - Started WebApplication in 1.605 seconds (JVM running for 2.17)
2022-12-21 10:32:12.197 [http-nio-8081-exec-1] INFO  o.a.c.core.ContainerBase.[Tomcat].[localhost].[/]:173 - Initializing Spring DispatcherServlet 'dispatcherServlet'
2022-12-21 10:32:12.197 [http-nio-8081-exec-1] INFO  org.springframework.web.servlet.DispatcherServlet:525 - Initializing Servlet 'dispatcherServlet'
2022-12-21 10:32:12.198 [http-nio-8081-exec-1] INFO  org.springframework.web.servlet.DispatcherServlet:547 - Completed initialization in 0 ms
2022-12-21 10:36:59.317 [main] INFO  com.chenyudaima.WebApplication:55 - Starting WebApplication using Java 1.8.0_341 on LAPTOP-OA8QKTD4 with PID 29416 (D:\repository\background-system\background-system-server\web\target\classes started by cydm in D:\repository\background-system\background-system-server)
2022-12-21 10:36:59.319 [main] INFO  com.chenyudaima.WebApplication:631 - No active profile set, falling back to 1 default profile: "default"
2022-12-21 10:36:59.706 [main] WARN  org.mybatis.spring.mapper.ClassPathMapperScanner:44 - No MyBatis mapper was found in '[com.chenyudaima]' package. Please check your configuration.
2022-12-21 10:36:59.969 [main] INFO  o.s.boot.web.embedded.tomcat.TomcatWebServer:108 - Tomcat initialized with port(s): 8081 (http)
2022-12-21 10:36:59.975 [main] INFO  org.apache.coyote.http11.Http11NioProtocol:173 - Initializing ProtocolHandler ["http-nio-8081"]
2022-12-21 10:36:59.976 [main] INFO  org.apache.catalina.core.StandardService:173 - Starting service [Tomcat]
2022-12-21 10:36:59.976 [main] INFO  org.apache.catalina.core.StandardEngine:173 - Starting Servlet engine: [Apache Tomcat/9.0.69]
2022-12-21 10:37:00.074 [main] INFO  o.a.c.core.ContainerBase.[Tomcat].[localhost].[/]:173 - Initializing Spring embedded WebApplicationContext
2022-12-21 10:37:00.074 [main] INFO  o.s.b.w.s.c.ServletWebServerApplicationContext:292 - Root WebApplicationContext: initialization completed in 727 ms
2022-12-21 10:37:00.375 [main] INFO  org.apache.coyote.http11.Http11NioProtocol:173 - Starting ProtocolHandler ["http-nio-8081"]
2022-12-21 10:37:00.386 [main] INFO  o.s.boot.web.embedded.tomcat.TomcatWebServer:220 - Tomcat started on port(s): 8081 (http) with context path ''
2022-12-21 10:37:00.393 [main] INFO  com.chenyudaima.WebApplication:61 - Started WebApplication in 1.369 seconds (JVM running for 1.919)
2022-12-21 10:37:50.805 [http-nio-8081-exec-2] INFO  o.a.c.core.ContainerBase.[Tomcat].[localhost].[/]:173 - Initializing Spring DispatcherServlet 'dispatcherServlet'
2022-12-21 10:37:50.805 [http-nio-8081-exec-2] INFO  org.springframework.web.servlet.DispatcherServlet:525 - Initializing Servlet 'dispatcherServlet'
2022-12-21 10:37:50.806 [http-nio-8081-exec-2] INFO  org.springframework.web.servlet.DispatcherServlet:547 - Completed initialization in 0 ms
2022-12-21 10:39:53.358 [main] INFO  com.chenyudaima.WebApplication:55 - Starting WebApplication using Java 1.8.0_341 on LAPTOP-OA8QKTD4 with PID 26252 (D:\repository\background-system\background-system-server\web\target\classes started by cydm in D:\repository\background-system\background-system-server)
2022-12-21 10:39:53.360 [main] INFO  com.chenyudaima.WebApplication:631 - No active profile set, falling back to 1 default profile: "default"
2022-12-21 10:39:53.821 [main] WARN  org.mybatis.spring.mapper.ClassPathMapperScanner:44 - No MyBatis mapper was found in '[com.chenyudaima]' package. Please check your configuration.
2022-12-21 10:39:54.110 [main] INFO  o.s.boot.web.embedded.tomcat.TomcatWebServer:108 - Tomcat initialized with port(s): 8081 (http)
2022-12-21 10:39:54.116 [main] INFO  org.apache.coyote.http11.Http11NioProtocol:173 - Initializing ProtocolHandler ["http-nio-8081"]
2022-12-21 10:39:54.117 [main] INFO  org.apache.catalina.core.StandardService:173 - Starting service [Tomcat]
2022-12-21 10:39:54.117 [main] INFO  org.apache.catalina.core.StandardEngine:173 - Starting Servlet engine: [Apache Tomcat/9.0.69]
2022-12-21 10:39:54.214 [main] INFO  o.a.c.core.ContainerBase.[Tomcat].[localhost].[/]:173 - Initializing Spring embedded WebApplicationContext
2022-12-21 10:39:54.214 [main] INFO  o.s.b.w.s.c.ServletWebServerApplicationContext:292 - Root WebApplicationContext: initialization completed in 825 ms
2022-12-21 10:39:54.513 [main] INFO  org.apache.coyote.http11.Http11NioProtocol:173 - Starting ProtocolHandler ["http-nio-8081"]
2022-12-21 10:39:54.525 [main] INFO  o.s.boot.web.embedded.tomcat.TomcatWebServer:220 - Tomcat started on port(s): 8081 (http) with context path ''
2022-12-21 10:39:54.532 [main] INFO  com.chenyudaima.WebApplication:61 - Started WebApplication in 1.502 seconds (JVM running for 2.061)
2022-12-21 10:40:03.586 [http-nio-8081-exec-1] INFO  o.a.c.core.ContainerBase.[Tomcat].[localhost].[/]:173 - Initializing Spring DispatcherServlet 'dispatcherServlet'
2022-12-21 10:40:03.586 [http-nio-8081-exec-1] INFO  org.springframework.web.servlet.DispatcherServlet:525 - Initializing Servlet 'dispatcherServlet'
2022-12-21 10:40:03.587 [http-nio-8081-exec-1] INFO  org.springframework.web.servlet.DispatcherServlet:547 - Completed initialization in 1 ms
2022-12-21 10:40:25.220 [main] INFO  com.chenyudaima.WebApplication:55 - Starting WebApplication using Java 1.8.0_341 on LAPTOP-OA8QKTD4 with PID 16228 (D:\repository\background-system\background-system-server\web\target\classes started by cydm in D:\repository\background-system\background-system-server)
2022-12-21 10:40:25.222 [main] INFO  com.chenyudaima.WebApplication:631 - No active profile set, falling back to 1 default profile: "default"
2022-12-21 10:40:25.625 [main] WARN  org.mybatis.spring.mapper.ClassPathMapperScanner:44 - No MyBatis mapper was found in '[com.chenyudaima]' package. Please check your configuration.
2022-12-21 10:40:25.875 [main] INFO  o.s.boot.web.embedded.tomcat.TomcatWebServer:108 - Tomcat initialized with port(s): 8081 (http)
2022-12-21 10:40:25.881 [main] INFO  org.apache.coyote.http11.Http11NioProtocol:173 - Initializing ProtocolHandler ["http-nio-8081"]
2022-12-21 10:40:25.881 [main] INFO  org.apache.catalina.core.StandardService:173 - Starting service [Tomcat]
2022-12-21 10:40:25.881 [main] INFO  org.apache.catalina.core.StandardEngine:173 - Starting Servlet engine: [Apache Tomcat/9.0.69]
2022-12-21 10:40:25.973 [main] INFO  o.a.c.core.ContainerBase.[Tomcat].[localhost].[/]:173 - Initializing Spring embedded WebApplicationContext
2022-12-21 10:40:25.974 [main] INFO  o.s.b.w.s.c.ServletWebServerApplicationContext:292 - Root WebApplicationContext: initialization completed in 724 ms
2022-12-21 10:40:26.271 [main] INFO  org.apache.coyote.http11.Http11NioProtocol:173 - Starting ProtocolHandler ["http-nio-8081"]
2022-12-21 10:40:26.282 [main] INFO  o.s.boot.web.embedded.tomcat.TomcatWebServer:220 - Tomcat started on port(s): 8081 (http) with context path ''
2022-12-21 10:40:26.332 [main] INFO  com.chenyudaima.WebApplication:61 - Started WebApplication in 1.409 seconds (JVM running for 1.935)
2022-12-21 10:40:42.111 [http-nio-8081-exec-1] INFO  o.a.c.core.ContainerBase.[Tomcat].[localhost].[/]:173 - Initializing Spring DispatcherServlet 'dispatcherServlet'
2022-12-21 10:40:42.111 [http-nio-8081-exec-1] INFO  org.springframework.web.servlet.DispatcherServlet:525 - Initializing Servlet 'dispatcherServlet'
2022-12-21 10:40:42.112 [http-nio-8081-exec-1] INFO  org.springframework.web.servlet.DispatcherServlet:547 - Completed initialization in 1 ms
2022-12-21 11:09:19.866 [main] INFO  com.chenyudaima.WebApplication:55 - Starting WebApplication using Java 1.8.0_341 on LAPTOP-OA8QKTD4 with PID 38420 (D:\repository\background-system\background-system-server\web\target\classes started by cydm in D:\repository\background-system\background-system-server)
2022-12-21 11:09:19.870 [main] INFO  com.chenyudaima.WebApplication:631 - No active profile set, falling back to 1 default profile: "default"
2022-12-21 11:09:20.313 [main] WARN  org.mybatis.spring.mapper.ClassPathMapperScanner:44 - No MyBatis mapper was found in '[com.chenyudaima]' package. Please check your configuration.
2022-12-21 11:09:20.586 [main] INFO  o.s.boot.web.embedded.tomcat.TomcatWebServer:108 - Tomcat initialized with port(s): 8081 (http)
2022-12-21 11:09:20.594 [main] INFO  org.apache.coyote.http11.Http11NioProtocol:173 - Initializing ProtocolHandler ["http-nio-8081"]
2022-12-21 11:09:20.594 [main] INFO  org.apache.catalina.core.StandardService:173 - Starting service [Tomcat]
2022-12-21 11:09:20.595 [main] INFO  org.apache.catalina.core.StandardEngine:173 - Starting Servlet engine: [Apache Tomcat/9.0.69]
2022-12-21 11:09:20.714 [main] INFO  o.a.c.core.ContainerBase.[Tomcat].[localhost].[/]:173 - Initializing Spring embedded WebApplicationContext
2022-12-21 11:09:20.714 [main] INFO  o.s.b.w.s.c.ServletWebServerApplicationContext:292 - Root WebApplicationContext: initialization completed in 805 ms
2022-12-21 11:09:21.021 [main] INFO  org.apache.coyote.http11.Http11NioProtocol:173 - Starting ProtocolHandler ["http-nio-8081"]
2022-12-21 11:09:21.034 [main] INFO  o.s.boot.web.embedded.tomcat.TomcatWebServer:220 - Tomcat started on port(s): 8081 (http) with context path ''
2022-12-21 11:09:21.041 [main] INFO  com.chenyudaima.WebApplication:61 - Started WebApplication in 1.533 seconds (JVM running for 2.11)
2022-12-21 11:09:23.968 [http-nio-8081-exec-1] INFO  o.a.c.core.ContainerBase.[Tomcat].[localhost].[/]:173 - Initializing Spring DispatcherServlet 'dispatcherServlet'
2022-12-21 11:09:23.968 [http-nio-8081-exec-1] INFO  org.springframework.web.servlet.DispatcherServlet:525 - Initializing Servlet 'dispatcherServlet'
2022-12-21 11:09:23.969 [http-nio-8081-exec-1] INFO  org.springframework.web.servlet.DispatcherServlet:547 - Completed initialization in 1 ms
2022-12-21 11:10:10.782 [main] INFO  com.chenyudaima.WebApplication:55 - Starting WebApplication using Java 1.8.0_341 on LAPTOP-OA8QKTD4 with PID 38980 (D:\repository\background-system\background-system-server\web\target\classes started by cydm in D:\repository\background-system\background-system-server)
2022-12-21 11:10:10.785 [main] INFO  com.chenyudaima.WebApplication:631 - No active profile set, falling back to 1 default profile: "default"
2022-12-21 11:10:11.193 [main] WARN  org.mybatis.spring.mapper.ClassPathMapperScanner:44 - No MyBatis mapper was found in '[com.chenyudaima]' package. Please check your configuration.
2022-12-21 11:10:11.474 [main] INFO  o.s.boot.web.embedded.tomcat.TomcatWebServer:108 - Tomcat initialized with port(s): 8081 (http)
2022-12-21 11:10:11.480 [main] INFO  org.apache.coyote.http11.Http11NioProtocol:173 - Initializing ProtocolHandler ["http-nio-8081"]
2022-12-21 11:10:11.481 [main] INFO  org.apache.catalina.core.StandardService:173 - Starting service [Tomcat]
2022-12-21 11:10:11.481 [main] INFO  org.apache.catalina.core.StandardEngine:173 - Starting Servlet engine: [Apache Tomcat/9.0.69]
2022-12-21 11:10:11.584 [main] INFO  o.a.c.core.ContainerBase.[Tomcat].[localhost].[/]:173 - Initializing Spring embedded WebApplicationContext
2022-12-21 11:10:11.584 [main] INFO  o.s.b.w.s.c.ServletWebServerApplicationContext:292 - Root WebApplicationContext: initialization completed in 767 ms
2022-12-21 11:10:11.898 [main] INFO  org.apache.coyote.http11.Http11NioProtocol:173 - Starting ProtocolHandler ["http-nio-8081"]
2022-12-21 11:10:11.911 [main] INFO  o.s.boot.web.embedded.tomcat.TomcatWebServer:220 - Tomcat started on port(s): 8081 (http) with context path ''
2022-12-21 11:10:11.967 [main] INFO  com.chenyudaima.WebApplication:61 - Started WebApplication in 1.565 seconds (JVM running for 2.122)
2022-12-21 11:10:19.225 [http-nio-8081-exec-1] INFO  o.a.c.core.ContainerBase.[Tomcat].[localhost].[/]:173 - Initializing Spring DispatcherServlet 'dispatcherServlet'
2022-12-21 11:10:19.225 [http-nio-8081-exec-1] INFO  org.springframework.web.servlet.DispatcherServlet:525 - Initializing Servlet 'dispatcherServlet'
2022-12-21 11:10:19.226 [http-nio-8081-exec-1] INFO  org.springframework.web.servlet.DispatcherServlet:547 - Completed initialization in 1 ms
2022-12-21 11:25:25.768 [main] INFO  com.chenyudaima.WebApplication:55 - Starting WebApplication using Java 1.8.0_341 on LAPTOP-OA8QKTD4 with PID 27520 (D:\repository\background-system\background-system-server\web\target\classes started by cydm in D:\repository\background-system\background-system-server)
2022-12-21 11:25:25.770 [main] INFO  com.chenyudaima.WebApplication:631 - No active profile set, falling back to 1 default profile: "default"
2022-12-21 11:25:26.247 [main] WARN  org.mybatis.spring.mapper.ClassPathMapperScanner:44 - No MyBatis mapper was found in '[com.chenyudaima]' package. Please check your configuration.
2022-12-21 11:25:26.533 [main] INFO  o.s.boot.web.embedded.tomcat.TomcatWebServer:108 - Tomcat initialized with port(s): 8081 (http)
2022-12-21 11:25:26.540 [main] INFO  org.apache.coyote.http11.Http11NioProtocol:173 - Initializing ProtocolHandler ["http-nio-8081"]
2022-12-21 11:25:26.541 [main] INFO  org.apache.catalina.core.StandardService:173 - Starting service [Tomcat]
2022-12-21 11:25:26.541 [main] INFO  org.apache.catalina.core.StandardEngine:173 - Starting Servlet engine: [Apache Tomcat/9.0.69]
2022-12-21 11:25:26.650 [main] INFO  o.a.c.core.ContainerBase.[Tomcat].[localhost].[/]:173 - Initializing Spring embedded WebApplicationContext
2022-12-21 11:25:26.651 [main] INFO  o.s.b.w.s.c.ServletWebServerApplicationContext:292 - Root WebApplicationContext: initialization completed in 850 ms
2022-12-21 11:25:26.976 [main] INFO  org.apache.coyote.http11.Http11NioProtocol:173 - Starting ProtocolHandler ["http-nio-8081"]
2022-12-21 11:25:26.989 [main] INFO  o.s.boot.web.embedded.tomcat.TomcatWebServer:220 - Tomcat started on port(s): 8081 (http) with context path ''
2022-12-21 11:25:27.044 [main] INFO  com.chenyudaima.WebApplication:61 - Started WebApplication in 1.62 seconds (JVM running for 2.209)
2022-12-21 11:25:29.454 [http-nio-8081-exec-2] INFO  o.a.c.core.ContainerBase.[Tomcat].[localhost].[/]:173 - Initializing Spring DispatcherServlet 'dispatcherServlet'
2022-12-21 11:25:29.454 [http-nio-8081-exec-2] INFO  org.springframework.web.servlet.DispatcherServlet:525 - Initializing Servlet 'dispatcherServlet'
2022-12-21 11:25:29.455 [http-nio-8081-exec-2] INFO  org.springframework.web.servlet.DispatcherServlet:547 - Completed initialization in 0 ms
2022-12-21 11:26:29.802 [main] INFO  com.chenyudaima.WebApplication:55 - Starting WebApplication using Java 1.8.0_341 on LAPTOP-OA8QKTD4 with PID 25200 (D:\repository\background-system\background-system-server\web\target\classes started by cydm in D:\repository\background-system\background-system-server)
2022-12-21 11:26:29.804 [main] INFO  com.chenyudaima.WebApplication:631 - No active profile set, falling back to 1 default profile: "default"
2022-12-21 11:26:30.197 [main] WARN  org.mybatis.spring.mapper.ClassPathMapperScanner:44 - No MyBatis mapper was found in '[com.chenyudaima]' package. Please check your configuration.
2022-12-21 11:26:30.450 [main] INFO  o.s.boot.web.embedded.tomcat.TomcatWebServer:108 - Tomcat initialized with port(s): 8081 (http)
2022-12-21 11:26:30.456 [main] INFO  org.apache.coyote.http11.Http11NioProtocol:173 - Initializing ProtocolHandler ["http-nio-8081"]
2022-12-21 11:26:30.457 [main] INFO  org.apache.catalina.core.StandardService:173 - Starting service [Tomcat]
2022-12-21 11:26:30.457 [main] INFO  org.apache.catalina.core.StandardEngine:173 - Starting Servlet engine: [Apache Tomcat/9.0.69]
2022-12-21 11:26:30.551 [main] INFO  o.a.c.core.ContainerBase.[Tomcat].[localhost].[/]:173 - Initializing Spring embedded WebApplicationContext
2022-12-21 11:26:30.551 [main] INFO  o.s.b.w.s.c.ServletWebServerApplicationContext:292 - Root WebApplicationContext: initialization completed in 719 ms
2022-12-21 11:26:30.849 [main] INFO  org.apache.coyote.http11.Http11NioProtocol:173 - Starting ProtocolHandler ["http-nio-8081"]
2022-12-21 11:26:30.861 [main] INFO  o.s.boot.web.embedded.tomcat.TomcatWebServer:220 - Tomcat started on port(s): 8081 (http) with context path ''
2022-12-21 11:26:30.926 [main] INFO  com.chenyudaima.WebApplication:61 - Started WebApplication in 1.441 seconds (JVM running for 2.007)
2022-12-21 11:26:35.493 [http-nio-8081-exec-1] INFO  o.a.c.core.ContainerBase.[Tomcat].[localhost].[/]:173 - Initializing Spring DispatcherServlet 'dispatcherServlet'
2022-12-21 11:26:35.494 [http-nio-8081-exec-1] INFO  org.springframework.web.servlet.DispatcherServlet:525 - Initializing Servlet 'dispatcherServlet'
2022-12-21 11:26:35.494 [http-nio-8081-exec-1] INFO  org.springframework.web.servlet.DispatcherServlet:547 - Completed initialization in 0 ms
2022-12-21 11:28:10.146 [main] INFO  com.chenyudaima.WebApplication:55 - Starting WebApplication using Java 1.8.0_341 on LAPTOP-OA8QKTD4 with PID 32460 (D:\repository\background-system\background-system-server\web\target\classes started by cydm in D:\repository\background-system\background-system-server)
2022-12-21 11:28:10.148 [main] INFO  com.chenyudaima.WebApplication:631 - No active profile set, falling back to 1 default profile: "default"
2022-12-21 11:28:10.543 [main] WARN  org.mybatis.spring.mapper.ClassPathMapperScanner:44 - No MyBatis mapper was found in '[com.chenyudaima]' package. Please check your configuration.
2022-12-21 11:28:10.805 [main] INFO  o.s.boot.web.embedded.tomcat.TomcatWebServer:108 - Tomcat initialized with port(s): 8081 (http)
2022-12-21 11:28:10.811 [main] INFO  org.apache.coyote.http11.Http11NioProtocol:173 - Initializing ProtocolHandler ["http-nio-8081"]
2022-12-21 11:28:10.812 [main] INFO  org.apache.catalina.core.StandardService:173 - Starting service [Tomcat]
2022-12-21 11:28:10.812 [main] INFO  org.apache.catalina.core.StandardEngine:173 - Starting Servlet engine: [Apache Tomcat/9.0.69]
2022-12-21 11:28:10.906 [main] INFO  o.a.c.core.ContainerBase.[Tomcat].[localhost].[/]:173 - Initializing Spring embedded WebApplicationContext
2022-12-21 11:28:10.906 [main] INFO  o.s.b.w.s.c.ServletWebServerApplicationContext:292 - Root WebApplicationContext: initialization completed in 730 ms
2022-12-21 11:28:11.220 [main] INFO  org.apache.coyote.http11.Http11NioProtocol:173 - Starting ProtocolHandler ["http-nio-8081"]
2022-12-21 11:28:11.232 [main] INFO  o.s.boot.web.embedded.tomcat.TomcatWebServer:220 - Tomcat started on port(s): 8081 (http) with context path ''
2022-12-21 11:28:11.240 [main] INFO  com.chenyudaima.WebApplication:61 - Started WebApplication in 1.413 seconds (JVM running for 1.957)
2022-12-21 11:28:13.052 [http-nio-8081-exec-3] INFO  o.a.c.core.ContainerBase.[Tomcat].[localhost].[/]:173 - Initializing Spring DispatcherServlet 'dispatcherServlet'
2022-12-21 11:28:13.052 [http-nio-8081-exec-3] INFO  org.springframework.web.servlet.DispatcherServlet:525 - Initializing Servlet 'dispatcherServlet'
2022-12-21 11:28:13.053 [http-nio-8081-exec-3] INFO  org.springframework.web.servlet.DispatcherServlet:547 - Completed initialization in 1 ms
2022-12-21 11:28:57.548 [main] INFO  com.chenyudaima.WebApplication:55 - Starting WebApplication using Java 1.8.0_341 on LAPTOP-OA8QKTD4 with PID 10840 (D:\repository\background-system\background-system-server\web\target\classes started by cydm in D:\repository\background-system\background-system-server)
2022-12-21 11:28:57.551 [main] INFO  com.chenyudaima.WebApplication:631 - No active profile set, falling back to 1 default profile: "default"
2022-12-21 11:28:57.963 [main] WARN  org.mybatis.spring.mapper.ClassPathMapperScanner:44 - No MyBatis mapper was found in '[com.chenyudaima]' package. Please check your configuration.
2022-12-21 11:28:58.220 [main] INFO  o.s.boot.web.embedded.tomcat.TomcatWebServer:108 - Tomcat initialized with port(s): 8081 (http)
2022-12-21 11:28:58.226 [main] INFO  org.apache.coyote.http11.Http11NioProtocol:173 - Initializing ProtocolHandler ["http-nio-8081"]
2022-12-21 11:28:58.226 [main] INFO  org.apache.catalina.core.StandardService:173 - Starting service [Tomcat]
2022-12-21 11:28:58.227 [main] INFO  org.apache.catalina.core.StandardEngine:173 - Starting Servlet engine: [Apache Tomcat/9.0.69]
2022-12-21 11:28:58.336 [main] INFO  o.a.c.core.ContainerBase.[Tomcat].[localhost].[/]:173 - Initializing Spring embedded WebApplicationContext
2022-12-21 11:28:58.336 [main] INFO  o.s.b.w.s.c.ServletWebServerApplicationContext:292 - Root WebApplicationContext: initialization completed in 757 ms
2022-12-21 11:28:58.653 [main] INFO  org.apache.coyote.http11.Http11NioProtocol:173 - Starting ProtocolHandler ["http-nio-8081"]
2022-12-21 11:28:58.666 [main] INFO  o.s.boot.web.embedded.tomcat.TomcatWebServer:220 - Tomcat started on port(s): 8081 (http) with context path ''
2022-12-21 11:28:58.673 [main] INFO  com.chenyudaima.WebApplication:61 - Started WebApplication in 1.437 seconds (JVM running for 2.009)
2022-12-21 11:29:02.349 [http-nio-8081-exec-1] INFO  o.a.c.core.ContainerBase.[Tomcat].[localhost].[/]:173 - Initializing Spring DispatcherServlet 'dispatcherServlet'
2022-12-21 11:29:02.349 [http-nio-8081-exec-1] INFO  org.springframework.web.servlet.DispatcherServlet:525 - Initializing Servlet 'dispatcherServlet'
2022-12-21 11:29:02.350 [http-nio-8081-exec-1] INFO  org.springframework.web.servlet.DispatcherServlet:547 - Completed initialization in 1 ms
2022-12-21 11:31:33.973 [main] INFO  com.chenyudaima.WebApplication:55 - Starting WebApplication using Java 1.8.0_341 on LAPTOP-OA8QKTD4 with PID 22008 (D:\repository\background-system\background-system-server\web\target\classes started by cydm in D:\repository\background-system\background-system-server)
2022-12-21 11:31:33.976 [main] INFO  com.chenyudaima.WebApplication:631 - No active profile set, falling back to 1 default profile: "default"
2022-12-21 11:31:34.392 [main] WARN  org.mybatis.spring.mapper.ClassPathMapperScanner:44 - No MyBatis mapper was found in '[com.chenyudaima]' package. Please check your configuration.
2022-12-21 11:31:34.646 [main] INFO  o.s.boot.web.embedded.tomcat.TomcatWebServer:108 - Tomcat initialized with port(s): 8081 (http)
2022-12-21 11:31:34.652 [main] INFO  org.apache.coyote.http11.Http11NioProtocol:173 - Initializing ProtocolHandler ["http-nio-8081"]
2022-12-21 11:31:34.652 [main] INFO  org.apache.catalina.core.StandardService:173 - Starting service [Tomcat]
2022-12-21 11:31:34.652 [main] INFO  org.apache.catalina.core.StandardEngine:173 - Starting Servlet engine: [Apache Tomcat/9.0.69]
2022-12-21 11:31:34.746 [main] INFO  o.a.c.core.ContainerBase.[Tomcat].[localhost].[/]:173 - Initializing Spring embedded WebApplicationContext
2022-12-21 11:31:34.747 [main] INFO  o.s.b.w.s.c.ServletWebServerApplicationContext:292 - Root WebApplicationContext: initialization completed in 739 ms
2022-12-21 11:31:35.054 [main] INFO  org.apache.coyote.http11.Http11NioProtocol:173 - Starting ProtocolHandler ["http-nio-8081"]
2022-12-21 11:31:35.067 [main] INFO  o.s.boot.web.embedded.tomcat.TomcatWebServer:220 - Tomcat started on port(s): 8081 (http) with context path ''
2022-12-21 11:31:35.132 [main] INFO  com.chenyudaima.WebApplication:61 - Started WebApplication in 1.498 seconds (JVM running for 2.054)
2022-12-21 11:31:47.990 [http-nio-8081-exec-2] INFO  o.a.c.core.ContainerBase.[Tomcat].[localhost].[/]:173 - Initializing Spring DispatcherServlet 'dispatcherServlet'
2022-12-21 11:31:47.990 [http-nio-8081-exec-2] INFO  org.springframework.web.servlet.DispatcherServlet:525 - Initializing Servlet 'dispatcherServlet'
2022-12-21 11:31:47.991 [http-nio-8081-exec-2] INFO  org.springframework.web.servlet.DispatcherServlet:547 - Completed initialization in 1 ms
2022-12-21 11:38:20.320 [main] INFO  com.chenyudaima.WebApplication:55 - Starting WebApplication using Java 1.8.0_341 on LAPTOP-OA8QKTD4 with PID 38156 (D:\repository\background-system\background-system-server\web\target\classes started by cydm in D:\repository\background-system\background-system-server)
2022-12-21 11:38:20.323 [main] INFO  com.chenyudaima.WebApplication:631 - No active profile set, falling back to 1 default profile: "default"
2022-12-21 11:38:20.721 [main] WARN  org.mybatis.spring.mapper.ClassPathMapperScanner:44 - No MyBatis mapper was found in '[com.chenyudaima]' package. Please check your configuration.
2022-12-21 11:38:20.981 [main] INFO  o.s.boot.web.embedded.tomcat.TomcatWebServer:108 - Tomcat initialized with port(s): 8081 (http)
2022-12-21 11:38:20.987 [main] INFO  org.apache.coyote.http11.Http11NioProtocol:173 - Initializing ProtocolHandler ["http-nio-8081"]
2022-12-21 11:38:20.988 [main] INFO  org.apache.catalina.core.StandardService:173 - Starting service [Tomcat]
2022-12-21 11:38:20.988 [main] INFO  org.apache.catalina.core.StandardEngine:173 - Starting Servlet engine: [Apache Tomcat/9.0.69]
2022-12-21 11:38:21.081 [main] INFO  o.a.c.core.ContainerBase.[Tomcat].[localhost].[/]:173 - Initializing Spring embedded WebApplicationContext
2022-12-21 11:38:21.081 [main] INFO  o.s.b.w.s.c.ServletWebServerApplicationContext:292 - Root WebApplicationContext: initialization completed in 729 ms
2022-12-21 11:38:21.385 [main] INFO  org.apache.coyote.http11.Http11NioProtocol:173 - Starting ProtocolHandler ["http-nio-8081"]
2022-12-21 11:38:21.397 [main] INFO  o.s.boot.web.embedded.tomcat.TomcatWebServer:220 - Tomcat started on port(s): 8081 (http) with context path ''
2022-12-21 11:38:21.464 [main] INFO  com.chenyudaima.WebApplication:61 - Started WebApplication in 1.486 seconds (JVM running for 2.063)
2022-12-21 11:38:23.633 [http-nio-8081-exec-2] INFO  o.a.c.core.ContainerBase.[Tomcat].[localhost].[/]:173 - Initializing Spring DispatcherServlet 'dispatcherServlet'
2022-12-21 11:38:23.634 [http-nio-8081-exec-2] INFO  org.springframework.web.servlet.DispatcherServlet:525 - Initializing Servlet 'dispatcherServlet'
2022-12-21 11:38:23.634 [http-nio-8081-exec-2] INFO  org.springframework.web.servlet.DispatcherServlet:547 - Completed initialization in 0 ms
2022-12-21 12:03:24.503 [main] INFO  com.chenyudaima.WebApplication:55 - Starting WebApplication using Java 1.8.0_341 on LAPTOP-OA8QKTD4 with PID 33364 (D:\dev\maven\maven-repository\org\springframework\boot\spring-boot-starter-parent\2.7.6\target\classes started by cydm in D:\repository\background-system\background-system-server)
2022-12-21 12:03:24.506 [main] INFO  com.chenyudaima.WebApplication:631 - No active profile set, falling back to 1 default profile: "default"
2022-12-21 12:03:24.946 [main] INFO  o.s.d.r.config.RepositoryConfigurationDelegate:262 - Multiple Spring Data modules found, entering strict repository configuration mode
2022-12-21 12:03:24.948 [main] INFO  o.s.d.r.config.RepositoryConfigurationDelegate:132 - Bootstrapping Spring Data Redis repositories in DEFAULT mode.
2022-12-21 12:03:24.963 [main] INFO  o.s.d.r.config.RepositoryConfigurationDelegate:201 - Finished Spring Data repository scanning in 5 ms. Found 0 Redis repository interfaces.
2022-12-21 12:03:25.027 [main] WARN  org.mybatis.spring.mapper.ClassPathMapperScanner:44 - No MyBatis mapper was found in '[com.chenyudaima]' package. Please check your configuration.
2022-12-21 12:03:25.300 [main] INFO  o.s.boot.web.embedded.tomcat.TomcatWebServer:108 - Tomcat initialized with port(s): 8081 (http)
2022-12-21 12:03:25.306 [main] INFO  org.apache.coyote.http11.Http11NioProtocol:173 - Initializing ProtocolHandler ["http-nio-8081"]
2022-12-21 12:03:25.307 [main] INFO  org.apache.catalina.core.StandardService:173 - Starting service [Tomcat]
2022-12-21 12:03:25.307 [main] INFO  org.apache.catalina.core.StandardEngine:173 - Starting Servlet engine: [Apache Tomcat/9.0.69]
2022-12-21 12:03:25.404 [main] INFO  o.a.c.core.ContainerBase.[Tomcat].[localhost].[/]:173 - Initializing Spring embedded WebApplicationContext
2022-12-21 12:03:25.405 [main] INFO  o.s.b.w.s.c.ServletWebServerApplicationContext:292 - Root WebApplicationContext: initialization completed in 870 ms
2022-12-21 12:03:25.629 [main] WARN  o.s.b.w.s.c.AnnotationConfigServletWebServerApplicationContext:591 - Exception encountered during context initialization - cancelling refresh attempt: org.springframework.beans.factory.BeanCreationException: Error creating bean with name 'requestMappingHandlerMapping' defined in class path resource [org/springframework/boot/autoconfigure/web/servlet/WebMvcAutoConfiguration$EnableWebMvcConfiguration.class]: Invocation of init method failed; nested exception is java.lang.IllegalStateException: Ambiguous mapping. Cannot map 'testController' method 
com.chenyudaima.web.controller.TestController#login(HttpServletResponse)
to {GET [/login]}: There is already 'loginController' bean method
com.chenyudaima.controller.LoginController#login(Model) mapped.
2022-12-21 12:03:25.631 [main] INFO  org.apache.catalina.core.StandardService:173 - Stopping service [Tomcat]
2022-12-21 12:03:25.640 [main] INFO  o.s.b.a.l.ConditionEvaluationReportLoggingListener:136 - 

Error starting ApplicationContext. To display the conditions report re-run your application with 'debug' enabled.
2022-12-21 12:03:25.658 [main] ERROR org.springframework.boot.SpringApplication:821 - Application run failed
org.springframework.beans.factory.BeanCreationException: Error creating bean with name 'requestMappingHandlerMapping' defined in class path resource [org/springframework/boot/autoconfigure/web/servlet/WebMvcAutoConfiguration$EnableWebMvcConfiguration.class]: Invocation of init method failed; nested exception is java.lang.IllegalStateException: Ambiguous mapping. Cannot map 'testController' method 
com.chenyudaima.web.controller.TestController#login(HttpServletResponse)
to {GET [/login]}: There is already 'loginController' bean method
com.chenyudaima.controller.LoginController#login(Model) mapped.
	at org.springframework.beans.factory.support.AbstractAutowireCapableBeanFactory.initializeBean(AbstractAutowireCapableBeanFactory.java:1804)
	at org.springframework.beans.factory.support.AbstractAutowireCapableBeanFactory.doCreateBean(AbstractAutowireCapableBeanFactory.java:620)
	at org.springframework.beans.factory.support.AbstractAutowireCapableBeanFactory.createBean(AbstractAutowireCapableBeanFactory.java:542)
	at org.springframework.beans.factory.support.AbstractBeanFactory.lambda$doGetBean$0(AbstractBeanFactory.java:335)
	at org.springframework.beans.factory.support.DefaultSingletonBeanRegistry.getSingleton(DefaultSingletonBeanRegistry.java:234)
	at org.springframework.beans.factory.support.AbstractBeanFactory.doGetBean(AbstractBeanFactory.java:333)
	at org.springframework.beans.factory.support.AbstractBeanFactory.getBean(AbstractBeanFactory.java:208)
	at org.springframework.beans.factory.support.DefaultListableBeanFactory.preInstantiateSingletons(DefaultListableBeanFactory.java:955)
	at org.springframework.context.support.AbstractApplicationContext.finishBeanFactoryInitialization(AbstractApplicationContext.java:918)
	at org.springframework.context.support.AbstractApplicationContext.refresh(AbstractApplicationContext.java:583)
	at org.springframework.boot.web.servlet.context.ServletWebServerApplicationContext.refresh(ServletWebServerApplicationContext.java:147)
	at org.springframework.boot.SpringApplication.refresh(SpringApplication.java:731)
	at org.springframework.boot.SpringApplication.refreshContext(SpringApplication.java:408)
	at org.springframework.boot.SpringApplication.run(SpringApplication.java:307)
	at org.springframework.boot.SpringApplication.run(SpringApplication.java:1303)
	at org.springframework.boot.SpringApplication.run(SpringApplication.java:1292)
	at com.chenyudaima.WebApplication.main(WebApplication.java:14)
Caused by: java.lang.IllegalStateException: Ambiguous mapping. Cannot map 'testController' method 
com.chenyudaima.web.controller.TestController#login(HttpServletResponse)
to {GET [/login]}: There is already 'loginController' bean method
com.chenyudaima.controller.LoginController#login(Model) mapped.
	at org.springframework.web.servlet.handler.AbstractHandlerMethodMapping$MappingRegistry.validateMethodMapping(AbstractHandlerMethodMapping.java:669)
	at org.springframework.web.servlet.handler.AbstractHandlerMethodMapping$MappingRegistry.register(AbstractHandlerMethodMapping.java:635)
	at org.springframework.web.servlet.handler.AbstractHandlerMethodMapping.registerHandlerMethod(AbstractHandlerMethodMapping.java:332)
	at org.springframework.web.servlet.mvc.method.annotation.RequestMappingHandlerMapping.registerHandlerMethod(RequestMappingHandlerMapping.java:420)
	at org.springframework.web.servlet.mvc.method.annotation.RequestMappingHandlerMapping.registerHandlerMethod(RequestMappingHandlerMapping.java:76)
	at org.springframework.web.servlet.handler.AbstractHandlerMethodMapping.lambda$detectHandlerMethods$2(AbstractHandlerMethodMapping.java:299)
	at java.util.LinkedHashMap.forEach(LinkedHashMap.java:684)
	at org.springframework.web.servlet.handler.AbstractHandlerMethodMapping.detectHandlerMethods(AbstractHandlerMethodMapping.java:297)
	at org.springframework.web.servlet.handler.AbstractHandlerMethodMapping.processCandidateBean(AbstractHandlerMethodMapping.java:266)
	at org.springframework.web.servlet.handler.AbstractHandlerMethodMapping.initHandlerMethods(AbstractHandlerMethodMapping.java:225)
	at org.springframework.web.servlet.handler.AbstractHandlerMethodMapping.afterPropertiesSet(AbstractHandlerMethodMapping.java:213)
	at org.springframework.web.servlet.mvc.method.annotation.RequestMappingHandlerMapping.afterPropertiesSet(RequestMappingHandlerMapping.java:205)
	at org.springframework.beans.factory.support.AbstractAutowireCapableBeanFactory.invokeInitMethods(AbstractAutowireCapableBeanFactory.java:1863)
	at org.springframework.beans.factory.support.AbstractAutowireCapableBeanFactory.initializeBean(AbstractAutowireCapableBeanFactory.java:1800)
	... 16 common frames omitted
2022-12-21 12:05:30.678 [main] INFO  com.chenyudaima.WebApplication:55 - Starting WebApplication using Java 1.8.0_341 on LAPTOP-OA8QKTD4 with PID 16480 (D:\repository\background-system\background-system-server\web\target\classes started by cydm in D:\repository\background-system\background-system-server)
2022-12-21 12:05:30.681 [main] INFO  com.chenyudaima.WebApplication:631 - No active profile set, falling back to 1 default profile: "default"
2022-12-21 12:05:31.090 [main] INFO  o.s.d.r.config.RepositoryConfigurationDelegate:262 - Multiple Spring Data modules found, entering strict repository configuration mode
2022-12-21 12:05:31.092 [main] INFO  o.s.d.r.config.RepositoryConfigurationDelegate:132 - Bootstrapping Spring Data Redis repositories in DEFAULT mode.
2022-12-21 12:05:31.108 [main] INFO  o.s.d.r.config.RepositoryConfigurationDelegate:201 - Finished Spring Data repository scanning in 5 ms. Found 0 Redis repository interfaces.
2022-12-21 12:05:31.180 [main] WARN  org.mybatis.spring.mapper.ClassPathMapperScanner:44 - No MyBatis mapper was found in '[com.chenyudaima]' package. Please check your configuration.
2022-12-21 12:05:31.453 [main] INFO  o.s.boot.web.embedded.tomcat.TomcatWebServer:108 - Tomcat initialized with port(s): 8081 (http)
2022-12-21 12:05:31.460 [main] INFO  org.apache.coyote.http11.Http11NioProtocol:173 - Initializing ProtocolHandler ["http-nio-8081"]
2022-12-21 12:05:31.460 [main] INFO  org.apache.catalina.core.StandardService:173 - Starting service [Tomcat]
2022-12-21 12:05:31.460 [main] INFO  org.apache.catalina.core.StandardEngine:173 - Starting Servlet engine: [Apache Tomcat/9.0.69]
2022-12-21 12:05:31.560 [main] INFO  o.a.c.core.ContainerBase.[Tomcat].[localhost].[/]:173 - Initializing Spring embedded WebApplicationContext
2022-12-21 12:05:31.560 [main] INFO  o.s.b.w.s.c.ServletWebServerApplicationContext:292 - Root WebApplicationContext: initialization completed in 849 ms
2022-12-21 12:05:32.386 [main] INFO  org.apache.coyote.http11.Http11NioProtocol:173 - Starting ProtocolHandler ["http-nio-8081"]
2022-12-21 12:05:32.398 [main] INFO  o.s.boot.web.embedded.tomcat.TomcatWebServer:220 - Tomcat started on port(s): 8081 (http) with context path ''
2022-12-21 12:05:32.405 [main] INFO  com.chenyudaima.WebApplication:61 - Started WebApplication in 2.052 seconds (JVM running for 2.793)
2022-12-21 12:06:01.870 [http-nio-8081-exec-1] INFO  o.a.c.core.ContainerBase.[Tomcat].[localhost].[/]:173 - Initializing Spring DispatcherServlet 'dispatcherServlet'
2022-12-21 12:06:01.870 [http-nio-8081-exec-1] INFO  org.springframework.web.servlet.DispatcherServlet:525 - Initializing Servlet 'dispatcherServlet'
2022-12-21 12:06:01.871 [http-nio-8081-exec-1] INFO  org.springframework.web.servlet.DispatcherServlet:547 - Completed initialization in 1 ms
