#
# A fatal error has been detected by the Java Runtime Environment:
#
#  EXCEPTION_ACCESS_VIOLATION (0xc0000005) at pc=0x00000001800038e0, pid=15736, tid=0x0000000000002854
#
# JRE version: Java(TM) SE Runtime Environment (8.0_341-b10) (build 1.8.0_341-b10)
# Java VM: Java HotSpot(TM) 64-Bit Server VM (25.341-b10 mixed mode windows-amd64 compressed oops)
# Problematic frame:
# C  0x00000001800038e0
#
# Failed to write core dump. Minidumps are not enabled by default on client versions of Windows
#
# If you would like to submit a bug report, please visit:
#   http://bugreport.java.com/bugreport/crash.jsp
# The crash happened outside the Java Virtual Machine in native code.
# See problematic frame for where to report the bug.
#

---------------  T H R E A D  ---------------

Current thread (0x0000017001f3d800):  JavaThread "Finalizer" daemon [_thread_in_native, id=10324, stack(0x0000001995000000,0x0000001995100000)]

siginfo: ExceptionCode=0xc0000005, ExceptionInformation=0x0000000000000008 0x00000001800038e0

Registers:
RAX=0x00000001800038e0, RBX=0x000001702470e7a8, RCX=0x0000017001f3da00, RDX=0x00000019950fed28
RSP=0x00000019950fec98, RBP=0x00000019950fed18, RSI=0x0000000775d4a8e8, RDI=0x00000007c040e080
R8 =0x000001702481df20, R9 =0x00000000000000dc, R10=0x00000170038e99c2, R11=0x000000005a56a790
R12=0x0000000000000000, R13=0x000001702470e7a8, R14=0x00000019950fed40, R15=0x0000017001f3d800
RIP=0x00000001800038e0, EFLAGS=0x0000000000010206

Top of Stack: (sp=0x00000019950fec98)
0x00000019950fec98:   00000170038e99ee 0000000000000000
0x00000019950feca8:   0000000000000000 0000000000000021
0x00000019950fecb8:   000000005a401176 0000000000000030
0x00000019950fecc8:   00000019950fed69 0000017001ecc4b0
0x00000019950fecd8:   00000019950fecd8 0000000000000000
0x00000019950fece8:   00000019950fed40 0000017025e5aa58
0x00000019950fecf8:   0000000000000000 000001702470e7a8
0x00000019950fed08:   0000000000000000 00000019950fed38
0x00000019950fed18:   00000019950fed88 00000170038d83fd
0x00000019950fed28:   0000000775861c08 00000170038e2df8
0x00000019950fed38:   000001702481df20 00000019950fed70
0x00000019950fed48:   00000019950fed48 000001702470c815
0x00000019950fed58:   00000019950fed98 0000017025e5aa58
0x00000019950fed68:   0000000000000000 000001702470c838
0x00000019950fed78:   00000019950fed38 00000019950feda0
0x00000019950fed88:   00000019950feeb0 0000017003ea40d4 

Instructions: (pc=0x00000001800038e0)
0x00000001800038c0:   
[error occurred during error reporting (printing registers, top of stack, instructions near pc), id 0xc0000005]

Register to memory mapping:

RAX=0x00000001800038e0 is an unknown value
RBX={method} {0x000001702470e7b0} 'free' '(J)V' in 'com/sun/jna/Memory'
RCX=0x0000017001f3da00 is an unknown value
RDX=0x00000019950fed28 is pointing into the stack for thread: 0x0000017001f3d800
RSP=0x00000019950fec98 is pointing into the stack for thread: 0x0000017001f3d800
RBP=0x00000019950fed18 is pointing into the stack for thread: 0x0000017001f3d800
RSI=0x0000000775d4a8e8 is an oop
com.sun.jna.Memory 
 - klass: 'com/sun/jna/Memory'
RDI=0x00000007c040e080 is pointing into metadata
R8 =0x000001702481df20 is an unknown value
R9 =0x00000000000000dc is an unknown value
R10=0x00000170038e99c2 is at code_begin+962 in an Interpreter codelet
method entry point (kind = native)  [0x00000170038e9600, 0x00000170038ea0a0]  2720 bytes
R11=0x000000005a56a790 is an unknown value
R12=0x0000000000000000 is an unknown value
R13={method} {0x000001702470e7b0} 'free' '(J)V' in 'com/sun/jna/Memory'
R14=0x00000019950fed40 is pointing into the stack for thread: 0x0000017001f3d800
R15=0x0000017001f3d800 is a thread


Stack: [0x0000001995000000,0x0000001995100000],  sp=0x00000019950fec98,  free space=1019k
Native frames: (J=compiled Java code, j=interpreted, Vv=VM code, C=native code)
C  0x00000001800038e0

Java frames: (J=compiled Java code, j=interpreted, Vv=VM code)
j  com.sun.jna.Memory.free(J)V+0
j  com.sun.jna.Memory.finalize()V+13
J 1181 C1 java.lang.ref.Finalizer.runFinalizer(Lsun/misc/JavaLangAccess;)V (62 bytes) @ 0x0000017003ea40d4 [0x0000017003ea3b40+0x594]
J 1180 C1 java.lang.ref.Finalizer.access$100(Ljava/lang/ref/Finalizer;Lsun/misc/JavaLangAccess;)V (6 bytes) @ 0x0000017003ea119c [0x0000017003ea1140+0x5c]
j  java.lang.ref.Finalizer$FinalizerThread.run()V+45
v  ~StubRoutines::call_stub

---------------  P R O C E S S  ---------------

Java Threads: ( => current thread )
  0x000001701e7fe000 JavaThread "Service Thread" daemon [_thread_blocked, id=11748, stack(0x0000001996000000,0x0000001996100000)]
  0x000001701e77c000 JavaThread "C1 CompilerThread11" daemon [_thread_blocked, id=19280, stack(0x0000001995f00000,0x0000001996000000)]
  0x000001701e75f000 JavaThread "C1 CompilerThread10" daemon [_thread_blocked, id=23684, stack(0x0000001995e00000,0x0000001995f00000)]
  0x000001701e75e800 JavaThread "C1 CompilerThread9" daemon [_thread_blocked, id=25068, stack(0x0000001995d00000,0x0000001995e00000)]
  0x000001701e753800 JavaThread "C1 CompilerThread8" daemon [_thread_blocked, id=24376, stack(0x0000001995c00000,0x0000001995d00000)]
  0x000001701e748800 JavaThread "C2 CompilerThread7" daemon [_thread_blocked, id=16972, stack(0x0000001995b00000,0x0000001995c00000)]
  0x000001701e746000 JavaThread "C2 CompilerThread6" daemon [_thread_blocked, id=22736, stack(0x0000001995a00000,0x0000001995b00000)]
  0x000001701e73d000 JavaThread "C2 CompilerThread5" daemon [_thread_blocked, id=10344, stack(0x0000001995900000,0x0000001995a00000)]
  0x000001701e732000 JavaThread "C2 CompilerThread4" daemon [_thread_blocked, id=16528, stack(0x0000001995800000,0x0000001995900000)]
  0x000001701e72b000 JavaThread "C2 CompilerThread3" daemon [_thread_blocked, id=12464, stack(0x0000001995700000,0x0000001995800000)]
  0x000001701e726800 JavaThread "C2 CompilerThread2" daemon [_thread_blocked, id=12612, stack(0x0000001995600000,0x0000001995700000)]
  0x000001701e71d800 JavaThread "C2 CompilerThread1" daemon [_thread_blocked, id=22428, stack(0x0000001995500000,0x0000001995600000)]
  0x000001701e71d000 JavaThread "C2 CompilerThread0" daemon [_thread_blocked, id=17496, stack(0x0000001995400000,0x0000001995500000)]
  0x000001701e715000 JavaThread "Monitor Ctrl-Break" daemon [_thread_in_native, id=17040, stack(0x0000001995300000,0x0000001995400000)]
  0x000001701e6c5000 JavaThread "Attach Listener" daemon [_thread_blocked, id=15720, stack(0x0000001995200000,0x0000001995300000)]
  0x000001701e6a6800 JavaThread "Signal Dispatcher" daemon [_thread_blocked, id=14288, stack(0x0000001995100000,0x0000001995200000)]
=>0x0000017001f3d800 JavaThread "Finalizer" daemon [_thread_in_native, id=10324, stack(0x0000001995000000,0x0000001995100000)]
  0x000001701e642000 JavaThread "Reference Handler" daemon [_thread_blocked, id=1200, stack(0x0000001994f00000,0x0000001995000000)]
  0x0000017001eb7000 JavaThread "main" [_thread_blocked, id=8580, stack(0x0000001994000000,0x0000001994100000)]

Other Threads:
  0x000001701c924800 VMThread [stack: 0x0000001994e00000,0x0000001994f00000] [id=5188]
  0x000001701e8c5800 WatcherThread [stack: 0x0000001996100000,0x0000001996200000] [id=2672]

VM state:not at safepoint (normal execution)

VM Mutex/Monitor currently owned by a thread: None

heap address: 0x00000006ca400000, size: 3932 MB, Compressed Oops mode: Zero based, Oop shift amount: 3
Narrow klass base: 0x0000000000000000, Narrow klass shift: 3
Compressed class space size: 1073741824 Address: 0x00000007c0000000

Heap:
 PSYoungGen      total 130560K, used 13232K [0x000000076e180000, 0x0000000778c00000, 0x00000007c0000000)
  eden space 120320K, 4% used [0x000000076e180000,0x000000076e69e290,0x0000000775700000)
  from space 10240K, 78% used [0x0000000775700000,0x0000000775ece0a8,0x0000000776100000)
  to   space 10752K, 0% used [0x0000000778180000,0x0000000778180000,0x0000000778c00000)
 ParOldGen       total 99328K, used 8130K [0x00000006ca400000, 0x00000006d0500000, 0x000000076e180000)
  object space 99328K, 8% used [0x00000006ca400000,0x00000006cabf0bc8,0x00000006d0500000)
 Metaspace       used 29776K, capacity 31714K, committed 31872K, reserved 1077248K
  class space    used 4348K, capacity 4728K, committed 4736K, reserved 1048576K

Card table byte_map: [0x0000017012c90000,0x0000017013440000] byte_map_base: 0x000001700f63e000

Marking Bits: (ParMarkBitMap*) 0x000000005ab29030
 Begin Bits: [0x0000017013960000, 0x00000170176d0000)
 End Bits:   [0x00000170176d0000, 0x000001701b440000)

Polling page: 0x00000170038a0000

CodeCache: size=245760Kb used=9731Kb max_used=9750Kb free=236028Kb
 bounds [0x00000170038d0000, 0x0000017004260000, 0x00000170128d0000]
 total_blobs=2715 nmethods=2301 adapters=324
 compilation: enabled

Compilation events (10 events):
Event: 2.517 Thread 0x000001701e77c000 nmethod 2289 0x0000017004240250 code [0x0000017004240400, 0x0000017004240b30]
Event: 2.517 Thread 0x000001701e75f000 nmethod 2291 0x000001700423fa50 code [0x000001700423fbe0, 0x0000017004240040]
Event: 2.517 Thread 0x000001701e72b000 nmethod 2288 0x000001700423f790 code [0x000001700423f8c0, 0x000001700423f998]
Event: 2.518 Thread 0x000001701e75e800 nmethod 2292 0x0000017004248390 code [0x00000170042487a0, 0x000001700424a9a0]
Event: 2.527 Thread 0x000001701e71d000 2293       4       java.lang.ref.ReferenceQueue::remove (6 bytes)
Event: 2.527 Thread 0x000001701e73d000 2294   !   4       java.lang.ref.ReferenceQueue::remove (125 bytes)
Event: 2.527 Thread 0x000001701e72b000 2295       4       java.lang.ref.Finalizer::access$100 (6 bytes)
Event: 2.528 Thread 0x000001701e71d800 2296   !   4       java.lang.ref.Finalizer::runFinalizer (62 bytes)
Event: 2.528 Thread 0x000001701e748800 2297   !   4       java.lang.ref.Finalizer::remove (94 bytes)
Event: 2.528 Thread 0x000001701e77c000 2298       3       java.io.FileInputStream::finalize (22 bytes)

GC Heap History (10 events):
Event: 1.115 GC heap before
{Heap before GC invocations=2 (full 0):
 PSYoungGen      total 73728K, used 70119K [0x000000076e180000, 0x0000000773380000, 0x00000007c0000000)
  eden space 63488K, 100% used [0x000000076e180000,0x0000000771f80000,0x0000000771f80000)
  from space 10240K, 64% used [0x0000000771f80000,0x00000007725f9fe0,0x0000000772980000)
  to   space 10240K, 0% used [0x0000000772980000,0x0000000772980000,0x0000000773380000)
 ParOldGen       total 167936K, used 24K [0x00000006ca400000, 0x00000006d4800000, 0x000000076e180000)
  object space 167936K, 0% used [0x00000006ca400000,0x00000006ca406000,0x00000006d4800000)
 Metaspace       used 16073K, capacity 17530K, committed 17792K, reserved 1064960K
  class space    used 2119K, capacity 2387K, committed 2432K, reserved 1048576K
Event: 1.120 GC heap after
Heap after GC invocations=2 (full 0):
 PSYoungGen      total 73728K, used 8357K [0x000000076e180000, 0x0000000773380000, 0x00000007c0000000)
  eden space 63488K, 0% used [0x000000076e180000,0x000000076e180000,0x0000000771f80000)
  from space 10240K, 81% used [0x0000000772980000,0x00000007731a9620,0x0000000773380000)
  to   space 10240K, 0% used [0x0000000771f80000,0x0000000771f80000,0x0000000772980000)
 ParOldGen       total 167936K, used 32K [0x00000006ca400000, 0x00000006d4800000, 0x000000076e180000)
  object space 167936K, 0% used [0x00000006ca400000,0x00000006ca408000,0x00000006d4800000)
 Metaspace       used 16073K, capacity 17530K, committed 17792K, reserved 1064960K
  class space    used 2119K, capacity 2387K, committed 2432K, reserved 1048576K
}
Event: 1.225 GC heap before
{Heap before GC invocations=3 (full 0):
 PSYoungGen      total 73728K, used 58914K [0x000000076e180000, 0x0000000773380000, 0x00000007c0000000)
  eden space 63488K, 79% used [0x000000076e180000,0x00000007712df578,0x0000000771f80000)
  from space 10240K, 81% used [0x0000000772980000,0x00000007731a9620,0x0000000773380000)
  to   space 10240K, 0% used [0x0000000771f80000,0x0000000771f80000,0x0000000772980000)
 ParOldGen       total 167936K, used 32K [0x00000006ca400000, 0x00000006d4800000, 0x000000076e180000)
  object space 167936K, 0% used [0x00000006ca400000,0x00000006ca408000,0x00000006d4800000)
 Metaspace       used 19619K, capacity 21202K, committed 21296K, reserved 1067008K
  class space    used 2621K, capacity 2917K, committed 2944K, reserved 1048576K
Event: 1.228 GC heap after
Heap after GC invocations=3 (full 0):
 PSYoungGen      total 73728K, used 8529K [0x000000076e180000, 0x0000000777180000, 0x00000007c0000000)
  eden space 63488K, 0% used [0x000000076e180000,0x000000076e180000,0x0000000771f80000)
  from space 10240K, 83% used [0x0000000771f80000,0x00000007727d4658,0x0000000772980000)
  to   space 10240K, 0% used [0x0000000776780000,0x0000000776780000,0x0000000777180000)
 ParOldGen       total 167936K, used 40K [0x00000006ca400000, 0x00000006d4800000, 0x000000076e180000)
  object space 167936K, 0% used [0x00000006ca400000,0x00000006ca40a000,0x00000006d4800000)
 Metaspace       used 19619K, capacity 21202K, committed 21296K, reserved 1067008K
  class space    used 2621K, capacity 2917K, committed 2944K, reserved 1048576K
}
Event: 1.228 GC heap before
{Heap before GC invocations=4 (full 1):
 PSYoungGen      total 73728K, used 8529K [0x000000076e180000, 0x0000000777180000, 0x00000007c0000000)
  eden space 63488K, 0% used [0x000000076e180000,0x000000076e180000,0x0000000771f80000)
  from space 10240K, 83% used [0x0000000771f80000,0x00000007727d4658,0x0000000772980000)
  to   space 10240K, 0% used [0x0000000776780000,0x0000000776780000,0x0000000777180000)
 ParOldGen       total 167936K, used 40K [0x00000006ca400000, 0x00000006d4800000, 0x000000076e180000)
  object space 167936K, 0% used [0x00000006ca400000,0x00000006ca40a000,0x00000006d4800000)
 Metaspace       used 19619K, capacity 21202K, committed 21296K, reserved 1067008K
  class space    used 2621K, capacity 2917K, committed 2944K, reserved 1048576K
Event: 1.244 GC heap after
Heap after GC invocations=4 (full 1):
 PSYoungGen      total 73728K, used 0K [0x000000076e180000, 0x0000000777180000, 0x00000007c0000000)
  eden space 63488K, 0% used [0x000000076e180000,0x000000076e180000,0x0000000771f80000)
  from space 10240K, 0% used [0x0000000771f80000,0x0000000771f80000,0x0000000772980000)
  to   space 10240K, 0% used [0x0000000776780000,0x0000000776780000,0x0000000777180000)
 ParOldGen       total 99328K, used 8114K [0x00000006ca400000, 0x00000006d0500000, 0x000000076e180000)
  object space 99328K, 8% used [0x00000006ca400000,0x00000006cabecbc8,0x00000006d0500000)
 Metaspace       used 19619K, capacity 21202K, committed 21296K, reserved 1067008K
  class space    used 2621K, capacity 2917K, committed 2944K, reserved 1048576K
}
Event: 1.403 GC heap before
{Heap before GC invocations=5 (full 1):
 PSYoungGen      total 73728K, used 63485K [0x000000076e180000, 0x0000000777180000, 0x00000007c0000000)
  eden space 63488K, 99% used [0x000000076e180000,0x0000000771f7f4e8,0x0000000771f80000)
  from space 10240K, 0% used [0x0000000771f80000,0x0000000771f80000,0x0000000772980000)
  to   space 10240K, 0% used [0x0000000776780000,0x0000000776780000,0x0000000777180000)
 ParOldGen       total 99328K, used 8114K [0x00000006ca400000, 0x00000006d0500000, 0x000000076e180000)
  object space 99328K, 8% used [0x00000006ca400000,0x00000006cabecbc8,0x00000006d0500000)
 Metaspace       used 22575K, capacity 24360K, committed 24448K, reserved 1071104K
  class space    used 3079K, capacity 3414K, committed 3456K, reserved 1048576K
Event: 1.406 GC heap after
Heap after GC invocations=5 (full 1):
 PSYoungGen      total 103936K, used 3569K [0x000000076e180000, 0x0000000776b00000, 0x00000007c0000000)
  eden space 100352K, 0% used [0x000000076e180000,0x000000076e180000,0x0000000774380000)
  from space 3584K, 99% used [0x0000000776780000,0x0000000776afc630,0x0000000776b00000)
  to   space 10240K, 0% used [0x0000000775700000,0x0000000775700000,0x0000000776100000)
 ParOldGen       total 99328K, used 8122K [0x00000006ca400000, 0x00000006d0500000, 0x000000076e180000)
  object space 99328K, 8% used [0x00000006ca400000,0x00000006cabeebc8,0x00000006d0500000)
 Metaspace       used 22575K, capacity 24360K, committed 24448K, reserved 1071104K
  class space    used 3079K, capacity 3414K, committed 3456K, reserved 1048576K
}
Event: 2.522 GC heap before
{Heap before GC invocations=6 (full 1):
 PSYoungGen      total 103936K, used 103921K [0x000000076e180000, 0x0000000776b00000, 0x00000007c0000000)
  eden space 100352K, 100% used [0x000000076e180000,0x0000000774380000,0x0000000774380000)
  from space 3584K, 99% used [0x0000000776780000,0x0000000776afc630,0x0000000776b00000)
  to   space 10240K, 0% used [0x0000000775700000,0x0000000775700000,0x0000000776100000)
 ParOldGen       total 99328K, used 8122K [0x00000006ca400000, 0x00000006d0500000, 0x000000076e180000)
  object space 99328K, 8% used [0x00000006ca400000,0x00000006cabeebc8,0x00000006d0500000)
 Metaspace       used 29749K, capacity 31684K, committed 31872K, reserved 1077248K
  class space    used 4342K, capacity 4721K, committed 4736K, reserved 1048576K
Event: 2.527 GC heap after
Heap after GC invocations=6 (full 1):
 PSYoungGen      total 130560K, used 7992K [0x000000076e180000, 0x0000000778c00000, 0x00000007c0000000)
  eden space 120320K, 0% used [0x000000076e180000,0x000000076e180000,0x0000000775700000)
  from space 10240K, 78% used [0x0000000775700000,0x0000000775ece0a8,0x0000000776100000)
  to   space 10752K, 0% used [0x0000000778180000,0x0000000778180000,0x0000000778c00000)
 ParOldGen       total 99328K, used 8130K [0x00000006ca400000, 0x00000006d0500000, 0x000000076e180000)
  object space 99328K, 8% used [0x00000006ca400000,0x00000006cabf0bc8,0x00000006d0500000)
 Metaspace       used 29749K, capacity 31684K, committed 31872K, reserved 1077248K
  class space    used 4342K, capacity 4721K, committed 4736K, reserved 1048576K
}

Deoptimization events (10 events):
Event: 1.538 Thread 0x0000017001eb7000 Uncommon trap: reason=unstable_if action=reinterpret pc=0x00000170040068c4 method=java.util.Hashtable$Enumerator.nextElement()Ljava/lang/Object; @ 71
Event: 1.562 Thread 0x0000017001eb7000 Uncommon trap: reason=predicate action=maybe_recompile pc=0x0000017003ed89e8 method=java.lang.String.regionMatches(ZILjava/lang/String;II)Z @ 63
Event: 1.585 Thread 0x0000017001eb7000 Uncommon trap: reason=unstable_if action=reinterpret pc=0x00000170040f2a58 method=java.lang.ClassLoader.getClassLoadingLock(Ljava/lang/String;)Ljava/lang/Object; @ 6
Event: 1.705 Thread 0x0000017001eb7000 Uncommon trap: reason=unstable_if action=reinterpret pc=0x0000017003c41f80 method=java.lang.CharacterData.of(I)Ljava/lang/CharacterData; @ 4
Event: 1.707 Thread 0x0000017001eb7000 Uncommon trap: reason=class_check action=maybe_recompile pc=0x000001700414f8c0 method=java.net.URLClassLoader.defineClass(Ljava/lang/String;Lsun/misc/Resource;)Ljava/lang/Class; @ 13
Event: 1.708 Thread 0x0000017001eb7000 Uncommon trap: reason=class_check action=maybe_recompile pc=0x000001700414f8c0 method=java.net.URLClassLoader.defineClass(Ljava/lang/String;Lsun/misc/Resource;)Ljava/lang/Class; @ 13
Event: 1.940 Thread 0x0000017001eb7000 Uncommon trap: reason=class_check action=maybe_recompile pc=0x000001700414f8c0 method=java.net.URLClassLoader.defineClass(Ljava/lang/String;Lsun/misc/Resource;)Ljava/lang/Class; @ 13
Event: 1.941 Thread 0x0000017001eb7000 Uncommon trap: reason=class_check action=maybe_recompile pc=0x000001700414f8c0 method=java.net.URLClassLoader.defineClass(Ljava/lang/String;Lsun/misc/Resource;)Ljava/lang/Class; @ 13
Event: 1.958 Thread 0x0000017001eb7000 Uncommon trap: reason=unstable_if action=reinterpret pc=0x00000170040a16cc method=java.util.jar.JarFile.maybeInstantiateVerifier()V @ 4
Event: 1.979 Thread 0x0000017001eb7000 Uncommon trap: reason=unstable_if action=reinterpret pc=0x0000017003c9958c method=sun.nio.cs.UTF_8$Encoder.encode([CII[B)I @ 33

Classes redefined (0 events):
No events

Internal exceptions (10 events):
Event: 1.255 Thread 0x0000017001eb7000 Exception <a 'java/lang/ClassNotFoundException': org/springframework/beans/factory/AwareCustomizer> (0x000000076e8edd38) thrown at [C:\jenkins\workspace\8-2-build-windows-x64-cygwin\jdk8u341\2692\hotspot\src\share\vm\classfile\systemDictionary.cpp, line 2
Event: 1.256 Thread 0x0000017001eb7000 Exception <a 'java/lang/ClassNotFoundException': org/springframework/beans/factory/BeanClassLoaderAwareCustomizer> (0x000000076e91e5f8) thrown at [C:\jenkins\workspace\8-2-build-windows-x64-cygwin\jdk8u341\2692\hotspot\src\share\vm\classfile\systemDiction
Event: 1.256 Thread 0x0000017001eb7000 Exception <a 'java/lang/ClassNotFoundException': org/springframework/beans/factory/AwareCustomizer> (0x000000076e9fdd60) thrown at [C:\jenkins\workspace\8-2-build-windows-x64-cygwin\jdk8u341\2692\hotspot\src\share\vm\classfile\systemDictionary.cpp, line 2
Event: 1.256 Thread 0x0000017001eb7000 Exception <a 'java/lang/ClassNotFoundException': org/springframework/context/EnvironmentAwareCustomizer> (0x000000076ea28a78) thrown at [C:\jenkins\workspace\8-2-build-windows-x64-cygwin\jdk8u341\2692\hotspot\src\share\vm\classfile\systemDictionary.cpp, l
Event: 1.257 Thread 0x0000017001eb7000 Exception <a 'java/lang/ClassNotFoundException': org/springframework/beans/factory/AwareCustomizer> (0x000000076ea51cf0) thrown at [C:\jenkins\workspace\8-2-build-windows-x64-cygwin\jdk8u341\2692\hotspot\src\share\vm\classfile\systemDictionary.cpp, line 2
Event: 1.280 Thread 0x0000017001eb7000 Exception <a 'java/lang/ClassNotFoundException': java/lang/ObjectCustomizer> (0x000000076f6a3e20) thrown at [C:\jenkins\workspace\8-2-build-windows-x64-cygwin\jdk8u341\2692\hotspot\src\share\vm\classfile\systemDictionary.cpp, line 212]
Event: 1.280 Thread 0x0000017001eb7000 Exception <a 'java/lang/ClassNotFoundException': com/chenyudaima/util/opc/KepRestApiTestCustomizer> (0x000000076f6cf640) thrown at [C:\jenkins\workspace\8-2-build-windows-x64-cygwin\jdk8u341\2692\hotspot\src\share\vm\classfile\systemDictionary.cpp, line 2
Event: 1.524 Thread 0x000001702122a800 Exception <a 'java/lang/IncompatibleClassChangeError': Found class java.lang.Object, but interface was expected> (0x00000007701b31d8) thrown at [C:\jenkins\workspace\8-2-build-windows-x64-cygwin\jdk8u341\2692\hotspot\src\share\vm\interpreter\linkResolver.
Event: 1.572 Thread 0x0000017001eb7000 Exception <a 'java/lang/ClassNotFoundException': java/lang/Module> (0x0000000770da0030) thrown at [C:\jenkins\workspace\8-2-build-windows-x64-cygwin\jdk8u341\2692\hotspot\src\share\vm\classfile\systemDictionary.cpp, line 212]
Event: 1.590 Thread 0x0000017001eb7000 Exception <a 'java/lang/ClassNotFoundException': java/lang/Module> (0x00000007710ce7b8) thrown at [C:\jenkins\workspace\8-2-build-windows-x64-cygwin\jdk8u341\2692\hotspot\src\share\vm\classfile\systemDictionary.cpp, line 212]

Events (10 events):
Event: 2.527 loading class java/util/WeakHashMap$HashIterator
Event: 2.527 Thread 0x0000017023924000 Thread exited: 0x0000017023924000
Event: 2.527 loading class java/util/WeakHashMap$HashIterator done
Event: 2.527 loading class java/util/WeakHashMap$KeyIterator done
Event: 2.527 loading class org/springframework/context/ConfigurableApplicationContext
Event: 2.527 loading class org/springframework/context/ConfigurableApplicationContext done
Event: 2.527 loading class org/springframework/context/ConfigurableApplicationContext
Event: 2.527 loading class org/springframework/context/ConfigurableApplicationContext done
Event: 2.527 loading class org/springframework/boot/SpringApplicationShutdownHook
Event: 2.527 loading class org/springframework/boot/SpringApplicationShutdownHook done


Dynamic libraries:
0x00007ff64b7d0000 - 0x00007ff64b817000 	D:\dev\Java\jdk1.8.0_341\bin\java.exe
0x00007fffdd350000 - 0x00007fffdd548000 	C:\Windows\SYSTEM32\ntdll.dll
0x00007fffdd250000 - 0x00007fffdd30f000 	C:\Windows\System32\KERNEL32.DLL
0x00007fffdad70000 - 0x00007fffdb04a000 	C:\Windows\System32\KERNELBASE.dll
0x00007fffdb5c0000 - 0x00007fffdb66e000 	C:\Windows\System32\ADVAPI32.dll
0x00007fffdb410000 - 0x00007fffdb4ae000 	C:\Windows\System32\msvcrt.dll
0x00007fffdc830000 - 0x00007fffdc8cc000 	C:\Windows\System32\sechost.dll
0x00007fffdb710000 - 0x00007fffdb836000 	C:\Windows\System32\RPCRT4.dll
0x00007fffdbd00000 - 0x00007fffdbe9d000 	C:\Windows\System32\USER32.dll
0x00007fffdb1b0000 - 0x00007fffdb1d2000 	C:\Windows\System32\win32u.dll
0x00007fffdb970000 - 0x00007fffdb99b000 	C:\Windows\System32\GDI32.dll
0x00007fffdb050000 - 0x00007fffdb160000 	C:\Windows\System32\gdi32full.dll
0x00007fffdacd0000 - 0x00007fffdad6d000 	C:\Windows\System32\msvcp_win.dll
0x00007fffdab10000 - 0x00007fffdac10000 	C:\Windows\System32\ucrtbase.dll
0x00007fffc84d0000 - 0x00007fffc876a000 	C:\Windows\WinSxS\amd64_microsoft.windows.common-controls_6595b64144ccf1df_6.0.19041.1110_none_60b5254171f9507e\COMCTL32.dll
0x00007fffdc8d0000 - 0x00007fffdc900000 	C:\Windows\System32\IMM32.DLL
0x00007fffb2bf0000 - 0x00007fffb2c05000 	D:\dev\Java\jdk1.8.0_341\jre\bin\vcruntime140.dll
0x00007fffb2b50000 - 0x00007fffb2beb000 	D:\dev\Java\jdk1.8.0_341\jre\bin\msvcp140.dll
0x000000005a340000 - 0x000000005aba1000 	D:\dev\Java\jdk1.8.0_341\jre\bin\server\jvm.dll
0x00007fffdb670000 - 0x00007fffdb678000 	C:\Windows\System32\PSAPI.DLL
0x00007fffc0d30000 - 0x00007fffc0d39000 	C:\Windows\SYSTEM32\WSOCK32.dll
0x00007fffd85e0000 - 0x00007fffd8607000 	C:\Windows\SYSTEM32\WINMM.dll
0x00007fffd0500000 - 0x00007fffd050a000 	C:\Windows\SYSTEM32\VERSION.dll
0x00007fffdc5f0000 - 0x00007fffdc65b000 	C:\Windows\System32\WS2_32.dll
0x00007fffd9280000 - 0x00007fffd9292000 	C:\Windows\SYSTEM32\kernel.appcore.dll
0x00007fffb7e60000 - 0x00007fffb7e70000 	D:\dev\Java\jdk1.8.0_341\jre\bin\verify.dll
0x00007fffb2b20000 - 0x00007fffb2b4b000 	D:\dev\Java\jdk1.8.0_341\jre\bin\java.dll
0x00007fffbbee0000 - 0x00007fffbbf10000 	D:\dev\Java\jdk1.8.0_341\jre\bin\instrument.dll
0x00007fffb2b00000 - 0x00007fffb2b18000 	D:\dev\Java\jdk1.8.0_341\jre\bin\zip.dll
0x00007fffdbea0000 - 0x00007fffdc5e4000 	C:\Windows\System32\SHELL32.dll
0x00007fffd8ad0000 - 0x00007fffd9263000 	C:\Windows\SYSTEM32\windows.storage.dll
0x00007fffdb9a0000 - 0x00007fffdbcf4000 	C:\Windows\System32\combase.dll
0x00007fffda470000 - 0x00007fffda49e000 	C:\Windows\SYSTEM32\Wldp.dll
0x00007fffdd1a0000 - 0x00007fffdd24d000 	C:\Windows\System32\SHCORE.dll
0x00007fffdb560000 - 0x00007fffdb5b5000 	C:\Windows\System32\shlwapi.dll
0x00007fffda9a0000 - 0x00007fffda9bf000 	C:\Windows\SYSTEM32\profapi.dll
0x00007fffcb5e0000 - 0x00007fffcb5fa000 	D:\tools\JetBrains\IntelliJ IDEA 2022.3\bin\breakgen64.dll
0x00007fffb2ae0000 - 0x00007fffb2afc000 	D:\dev\Java\jdk1.8.0_341\jre\bin\net.dll
0x00007fffda1b0000 - 0x00007fffda21a000 	C:\Windows\system32\mswsock.dll
0x00007fffcb560000 - 0x00007fffcb56d000 	D:\dev\Java\jdk1.8.0_341\jre\bin\management.dll
0x00007fffac010000 - 0x00007fffac027000 	C:\Windows\system32\napinsp.dll
0x00007fffabff0000 - 0x00007fffac00b000 	C:\Windows\system32\pnrpnsp.dll
0x00007fffd5cf0000 - 0x00007fffd5d0d000 	C:\Windows\system32\NLAapi.dll
0x00007fffd9ea0000 - 0x00007fffd9edc000 	C:\Windows\SYSTEM32\IPHLPAPI.DLL
0x00007fffd9ee0000 - 0x00007fffd9fab000 	C:\Windows\SYSTEM32\DNSAPI.dll
0x00007fffdc810000 - 0x00007fffdc818000 	C:\Windows\System32\NSI.dll
0x00007fffab530000 - 0x00007fffab542000 	C:\Windows\System32\winrnr.dll
0x00007fffd4fb0000 - 0x00007fffd4fc5000 	C:\Windows\system32\wshbth.dll
0x000000005bd60000 - 0x000000005bd86000 	C:\Program Files\Bonjour\mdnsNSP.dll
0x00007fffd1ab0000 - 0x00007fffd1aba000 	C:\Windows\System32\rasadhlp.dll
0x00007fffd0560000 - 0x00007fffd05e0000 	C:\Windows\System32\fwpuclnt.dll
0x00007fffdac10000 - 0x00007fffdac37000 	C:\Windows\System32\bcrypt.dll
0x00007fffda3b0000 - 0x00007fffda3c8000 	C:\Windows\SYSTEM32\CRYPTSP.dll
0x00007fffd9ad0000 - 0x00007fffd9b04000 	C:\Windows\system32\rsaenh.dll
0x00007fffda920000 - 0x00007fffda94e000 	C:\Windows\SYSTEM32\USERENV.dll
0x00007fffdac40000 - 0x00007fffdacc2000 	C:\Windows\System32\bcryptprimitives.dll
0x00007fffda3a0000 - 0x00007fffda3ac000 	C:\Windows\SYSTEM32\CRYPTBASE.dll
0x00007fffd1ef0000 - 0x00007fffd1f07000 	C:\Windows\SYSTEM32\dhcpcsvc6.DLL
0x00007fffd1ed0000 - 0x00007fffd1eed000 	C:\Windows\SYSTEM32\dhcpcsvc.DLL
0x00007fffb2ac0000 - 0x00007fffb2ad3000 	D:\dev\Java\jdk1.8.0_341\jre\bin\nio.dll
0x00007fff9ddd0000 - 0x00007fff9e0ce000 	D:\box\project\wuling\hwjc\hkDll22\HCNetSDK.dll
0x0000017024890000 - 0x000001702530f000 	D:\box\project\wuling\hwjc\hkDll22\HCCore.dll
0x00007fff90dd0000 - 0x00007fff910af000 	D:\box\project\wuling\hwjc\hkDll22\libcrypto-1_1-x64.dll
0x00007fffac630000 - 0x00007fffac702000 	D:\box\project\wuling\hwjc\hkDll22\libssl-1_1-x64.dll
0x000000005a2f0000 - 0x000000005a309000 	D:\box\project\wuling\hwjc\hkDll22\zlib1.dll
0x00007fffc3b90000 - 0x00007fffc3c7f000 	C:\Windows\SYSTEM32\MSVCR120.dll
0x00007fff90b00000 - 0x00007fff90dca000 	D:\box\project\wuling\hwjc\hkDll22\HCNetSDKCom\HCPreview.dll
0x00000170275a0000 - 0x00000170278b4000 	D:\box\project\wuling\hwjc\hkDll22\HCNetSDKCom\HCCoreDevCfg.dll
0x00007fffd83f0000 - 0x00007fffd85d4000 	C:\Windows\SYSTEM32\dbghelp.dll

VM Arguments:
jvm_args: -ea -Didea.test.cyclic.buffer.size=1048576 -javaagent:D:\tools\JetBrains\IntelliJ IDEA 2022.3\lib\idea_rt.jar=7127:D:\tools\JetBrains\IntelliJ IDEA 2022.3\bin -Dfile.encoding=UTF-8 
java_command: com.intellij.rt.junit.JUnitStarter -ideVersion5 -junit5 com.chenyudaima.util.opc.KepRestApiTest,dwdw
java_class_path (initial): C:\Users\cydm\.m2\repository\org\junit\platform\junit-platform-launcher\1.8.2\junit-platform-launcher-1.8.2.jar;C:\Users\cydm\.m2\repository\org\junit\platform\junit-platform-engine\1.8.2\junit-platform-engine-1.8.2.jar;C:\Users\cydm\.m2\repository\org\opentest4j\opentest4j\1.2.0\opentest4j-1.2.0.jar;C:\Users\cydm\.m2\repository\org\junit\platform\junit-platform-commons\1.8.2\junit-platform-commons-1.8.2.jar;C:\Users\cydm\.m2\repository\org\apiguardian\apiguardian-api\1.1.2\apiguardian-api-1.1.2.jar;D:\tools\JetBrains\IntelliJ IDEA 2022.3\lib\idea_rt.jar;D:\tools\JetBrains\IntelliJ IDEA 2022.3\plugins\junit\lib\junit5-rt.jar;D:\tools\JetBrains\IntelliJ IDEA 2022.3\plugins\junit\lib\junit-rt.jar;D:\dev\Java\jdk1.8.0_341\jre\lib\charsets.jar;D:\dev\Java\jdk1.8.0_341\jre\lib\deploy.jar;D:\dev\Java\jdk1.8.0_341\jre\lib\ext\access-bridge-64.jar;D:\dev\Java\jdk1.8.0_341\jre\lib\ext\cldrdata.jar;D:\dev\Java\jdk1.8.0_341\jre\lib\ext\dnsns.jar;D:\dev\Java\jdk1.8.0_341\jre\lib\ext\jaccess.jar;D:\dev\Java\jdk1.8.0_341\jre\lib\ext\jfxrt.jar;D:\dev\Java\jdk1.8.0_341\jre\lib\ext\localedata.jar;D:\dev\Java\jdk1.8.0_341\jre\lib\ext\nashorn.jar;D:\dev\Java\jdk1.8.0_341\jre\lib\ext\sunec.jar;D:\dev\Java\jdk1.8.0_341\jre\lib\ext\sunjce_provider.jar;D:\dev\Java\jdk1.8.0_341\jre\lib\ext\sunmscapi.jar;D:\dev\Java\jdk1.8.0_341\jre\lib\ext\sunpkcs11.jar;D:\dev\Java\jdk1.8.0_341\jre\lib\ext\zipfs.jar;D:\dev\Java\jdk1.8.0_341\jre\lib\javaws.jar;D:\dev\Java\jdk1.8.0_341\jre\lib\jce.jar;D:\dev\Java\jdk1.8.0_341\jre\lib\jfr.jar;D:\dev\Java\jdk1.8.0_341\jre\lib\jfxswt.jar;D:\dev\Java\jdk1.8.0_341\jre\lib\jsse.jar;D:\dev\Java\jdk1.8.0_341\jre\lib\management-agent.jar;D:\dev\Java\jdk1.8.0_341\jre\lib\plugin.jar;D:\dev\Java\jdk1.8.0_341\jre\lib\resources.jar;D:\dev\Java\jdk1.8.0_341\jre\lib\rt.jar;D:\repository\background-system\background-system-server\common\target\test-classes;D:\repository\background-system\background-system-server\common\target\classes;D:\repositor
Launcher Type: SUN_STANDARD

Environment Variables:
JAVA_HOME=D:\dev\Java\jdk1.8.0_341
PATH=D:\dev\Oracle\Oracleinstall\bin;D:\dev\Oracle\install\bin;D:\edge\bin;D:\tools\VMware\bin\;C:\Windows\system32;C:\Windows;C:\Windows\System32\Wbem;C:\Windows\System32\WindowsPowerShell\v1.0\;C:\Windows\System32\OpenSSH\;D:\dev\Java\jdk1.8.0_341\bin;D:\dev\maven\apache-maven\bin;D:\dev\nodejs\node_global\node_modules;D:\dev\erl9.2\bin;D:\tools\SVN\bin;D:\dev\Microsoft SQL Server\Client SDK\ODBC\130\Tools\Binn\;D:\dev\SQL Server\130\Tools\Binn\;D:\dev\Microsoft SQL Server\130\Tools\Binn\;D:\dev\Microsoft SQL Server\130\DTS\Binn\;D:\dev\SQL Server\Client SDK\ODBC\130\Tools\Binn\;D:\dev\SQL Server\140\Tools\Binn\;D:\dev\SQL Server\140\DTS\Binn\;D:\dev\SQL Server\140\Tools\Binn\ManagementStudio\;%JRE_HOME%\bin;D:\dev\tomcat\apache-tomcat-9.0.65\bin;D:\dev\Tesseract-OCR\tessdata;D:\dev\Tesseract-OCR;D:\dev\nodejs\;D:\tools\JetBrains\IntelliJ IDEA 2022.3\bin;D:\tools\Git LFS;D:\tools\Git\cmd;C:\Users\cydm\AppData\Local\Programs\Python\Python37\Scripts\;C:\Users\cydm\AppData\Local\Programs\Python\Python37\;C:\Users\cydm\AppData\Local\Microsoft\WindowsApps;D:\tools\Microsoft VS Code\bin;node_global;D:\tools\Fiddler;C:\Users\cydm\AppData\Local\Pandoc\;C:\Users\cydm\AppData\Local\JetBrains\Toolbox\scripts;D:\apps\OneCommander;D:\dev\nodejs\node_global;
USERNAME=cydm
OS=Windows_NT
PROCESSOR_IDENTIFIER=AMD64 Family 25 Model 80 Stepping 0, AuthenticAMD



---------------  S Y S T E M  ---------------

OS: Windows 10 , 64 bit Build 19041 (10.0.19041.2788)

CPU:total 16 (initial active 16) (16 cores per cpu, 1 threads per core) family 25 model 80 stepping 0, cmov, cx8, fxsr, mmx, sse, sse2, sse3, ssse3, sse4.1, sse4.2, popcnt, avx, avx2, aes, clmul, erms, mmxext, 3dnowpref, lzcnt, sse4a, tsc, tscinvbit, tscinv, bmi1

Memory: 4k page, physical 16101436k(2458484k free), swap 30781500k(7601036k free)

vm_info: Java HotSpot(TM) 64-Bit Server VM (25.341-b10) for windows-amd64 JRE (1.8.0_341-b10), built on Jun 16 2022 15:51:07 by "java_re" with MS VC++ 15.9 (VS2017)

time: Tue May 23 13:53:09 2023
timezone: AMD64 Family 25 Model 80 Stepping 0, AuthenticAMD
elapsed time: 2.553486 seconds (0d 0h 0m 2s)

